2020-05-05 15:19:37,207 [      0]   INFO -        #com.intellij.idea.Main - ------------------------------------------------------ IDE STARTED ------------------------------------------------------ 
2020-05-05 15:19:37,256 [     49]   INFO - ntellij.idea.ApplicationLoader - CPU cores: 4; ForkJoinPool.commonPool: java.util.concurrent.ForkJoinPool@7e997ade[Running, parallelism = 4, size = 0, active = 0, running = 0, steals = 0, tasks = 0, submissions = 0]; factory: com.intellij.concurrency.IdeaForkJoinWorkerThreadFactory@5f810848 
2020-05-05 15:19:37,364 [    157]   INFO -        #com.intellij.idea.Main - IDE: IntelliJ IDEA (build #IC-201.6668.121, 08 Apr 2020 20:39) 
2020-05-05 15:19:37,364 [    157]   INFO -        #com.intellij.idea.Main - OS: Mac OS X (10.15.4, x86_64) 
2020-05-05 15:19:37,364 [    157]   INFO -        #com.intellij.idea.Main - JRE: 11.0.6+8-b765.25 (JetBrains s.r.o) 
2020-05-05 15:19:37,364 [    157]   INFO -        #com.intellij.idea.Main - JVM: 11.0.6+8-b765.25 (OpenJDK 64-Bit Server VM) 
2020-05-05 15:19:37,365 [    158]   INFO -        #com.intellij.idea.Main - JVM Args: -Dapple.awt.fileDialogForDirectories=true -Dapple.laf.useScreenMenuBar=true -Didea.auto.reload.plugins=true -Didea.classpath.index.enabled=false -Didea.config.path=/Users/thvardhan/IdeaProjects/Gradianto/build/idea-sandbox/config -Didea.is.internal=true -Didea.platform.prefix=Idea -Didea.plugins.path=/Users/thvardhan/IdeaProjects/Gradianto/build/idea-sandbox/plugins -Didea.required.plugins.id=com.thvardhan.gradianto -Didea.smooth.progress=false -Didea.system.path=/Users/thvardhan/IdeaProjects/Gradianto/build/idea-sandbox/system -Xms256m -Xmx512m -Dfile.encoding=UTF-8 -Duser.country=GB -Duser.language=en -Duser.variant -ea 
2020-05-05 15:19:37,365 [    158]   INFO -        #com.intellij.idea.Main - Locale=en_GB JNU=UTF-8 file.encoding=UTF-8 
2020-05-05 15:19:37,467 [    260]   INFO -        #com.intellij.idea.Main - JNA library (64-bit) loaded in 225 ms 
2020-05-05 15:19:37,983 [    776]   INFO - llij.ide.plugins.PluginManager - Plugin com.intellij.java misses optional descriptor profiler-java.xml 
2020-05-05 15:19:38,133 [    926]   INFO - llij.ide.plugins.PluginManager - Plugin org.intellij.groovy misses optional descriptor duplicates-groovy.xml 
2020-05-05 15:19:38,135 [    928]   INFO - llij.ide.plugins.PluginManager - Plugin org.intellij.groovy misses optional descriptor duplicates-detection-groovy.xml 
2020-05-05 15:19:38,181 [    974]   INFO - llij.ide.plugins.PluginManager - Loaded bundled plugins: IDEA CORE (201.6668.121), com.intellij.platform.images (201.6668.121), JetBrains Repository Search (201.6668.121), Subversion (201.6668.121), XPathView + XSLT (201.6668.121), XSLT Debugger (201.6668.121), Smali Support (201.6668.121), Configuration Script (201.6668.121), Copyright (201.6668.121), Java (201.6668.121), Bytecode Viewer (201.6668.121), Git (201.6668.121), ChangeReminder (201.6668.121), Next File Prediction (201.6668.121), JUnit (201.6668.121), Task Management (201.6668.121), GitHub (201.6668.121), IntelliLang (201.6668.121), TestNG (201.6668.121), Code Coverage for Java (201.6668.121), Markdown (201.6668.121), Java IDE Customization (201.6668.121), Java Stream Debugger (201.6668.121), Eclipse Interoperability (201.6668.121), Java Bytecode Decompiler (201.6668.121), Gradle (201.6668.121), macOS Light Theme (201.6668.121), Windows 10 Light Theme (201.6668.121), Properties (201.6668.121), Ant (201.6668.121), Groovy (201.6668.121), Maven (201.6668.121), Gradle-Java (201.6668.121), Gradle-Maven (201.6668.121), Java Internationalization (201.6668.121), Kotlin (1.3.71-release-IJ2020.1-1), UI Designer (201.6668.121), Plugin DevKit (201.6668.121), JavaFX (201.6668.121), Resource Bundle Editor (201.6668.121), Machine Learning Code Completion (201.6668.121), Mercurial (201.6668.121), EditorConfig (201.6668.121), Terminal (201.6668.121), Android (10.3.6 RC 1), Shell Script (201.6668.121), TextMate bundles (201.6668.121), YAML (201.6668.121), Grazie (201.6668.121), Settings Repository (201.6668.121) 
2020-05-05 15:19:38,181 [    974]   INFO - llij.ide.plugins.PluginManager - Loaded custom plugins: Gradianto (3.9) 
2020-05-05 15:19:39,298 [   2091]   INFO - ellij.util.io.PagedFileStorage - lower=100; upper=492; buffer=10; max=492 
2020-05-05 15:19:39,321 [   2114]   INFO - tellij.util.io.FileChannelUtil - un-interruptible FileChannel-s will be used for indexes 
2020-05-05 15:19:39,369 [   2162]   WARN - j.internal.DebugAttachDetector - Unable to start DebugAttachDetector, please add `--add-exports java.base/jdk.internal.vm=ALL-UNNAMED` to VM options 
2020-05-05 15:19:39,417 [   2210]   INFO - rains.ide.BuiltInServerManager - built-in server started, port 63343 
2020-05-05 15:19:39,450 [   2243]   INFO - fs.newvfs.persistent.FSRecords - Marking VFS as corrupted: '/Users/thvardhan/IdeaProjects/Gradianto/build/idea-sandbox/system/caches/names.dat' does not exist 
2020-05-05 15:19:39,605 [   2398]   INFO - pl.local.NativeFileWatcherImpl - Native file watcher is disabled 
2020-05-05 15:19:39,625 [   2418]   INFO - til.net.ssl.CertificateManager - Default SSL context initialized 
2020-05-05 15:19:39,763 [   2556]   INFO - stubs.SerializationManagerImpl - Name storage is repaired 
2020-05-05 15:19:39,800 [   2593]   INFO - il.indexing.FileBasedIndexImpl - index version changed for 'FilenameIndex'; old = -1, new = 3 
2020-05-05 15:19:39,844 [   2637]   INFO - il.indexing.FileBasedIndexImpl - index version changed for 'FrameworkDetectionIndex'; old = -1, new = 0 
2020-05-05 15:19:39,852 [   2645]   INFO - il.indexing.FileBasedIndexImpl - index version changed for 'TodoIndex'; old = -1, new = 4107 
2020-05-05 15:19:39,875 [   2668]   INFO - il.indexing.FileBasedIndexImpl - index version changed for 'IdIndex'; old = -1, new = 4112 
2020-05-05 15:19:39,886 [   2679]   INFO - il.indexing.FileBasedIndexImpl - index version changed for 'filetypes'; old = -1, new = 2 
2020-05-05 15:19:39,892 [   2685]   INFO - il.indexing.FileBasedIndexImpl - index version changed for 'Stubs'; old = -1, new = 46 
2020-05-05 15:19:40,090 [   2883]   INFO - il.indexing.FileBasedIndexImpl - index version changed for 'Trigram.Index'; old = -1, new = 4099 
2020-05-05 15:19:40,098 [   2891]   INFO - il.indexing.FileBasedIndexImpl - index version changed for 'fileIncludes'; old = -1, new = 6 
2020-05-05 15:19:40,168 [   2961]   INFO - il.indexing.FileBasedIndexImpl - index version changed for 'DomFileIndex'; old = -1, new = -1189920956 
2020-05-05 15:19:40,175 [   2968]   INFO - il.indexing.FileBasedIndexImpl - index version changed for 'RelaxSymbolIndex'; old = -1, new = 0 
2020-05-05 15:19:40,184 [   2977]   INFO - il.indexing.FileBasedIndexImpl - index version changed for 'XmlTagNames'; old = -1, new = 1 
2020-05-05 15:19:40,189 [   2982]   INFO - il.indexing.FileBasedIndexImpl - index version changed for 'XmlNamespaces'; old = -1, new = 7 
2020-05-05 15:19:40,199 [   2992]   INFO - il.indexing.FileBasedIndexImpl - index version changed for 'html5.custom.attributes.index'; old = -1, new = 1 
2020-05-05 15:19:40,212 [   3005]   INFO - il.indexing.FileBasedIndexImpl - index version changed for 'SchemaTypeInheritance'; old = -1, new = 2 
2020-05-05 15:19:40,219 [   3012]   INFO - il.indexing.FileBasedIndexImpl - index version changed for 'json.file.root.values'; old = -1, new = 5 
2020-05-05 15:19:40,233 [   3026]   INFO - il.indexing.FileBasedIndexImpl - index version changed for 'ImageFileInfoIndex'; old = -1, new = 8 
2020-05-05 15:19:40,237 [   3030]   INFO - il.indexing.FileBasedIndexImpl - index version changed for 'XsltSymbolIndex'; old = -1, new = 0 
2020-05-05 15:19:40,245 [   3038]   INFO - il.indexing.FileBasedIndexImpl - index version changed for 'bytecodeAnalysis'; old = -1, new = 4107 
2020-05-05 15:19:40,258 [   3051]   INFO - il.indexing.FileBasedIndexImpl - index version changed for 'java.auto.module.name'; old = -1, new = 5 
2020-05-05 15:19:40,266 [   3059]   INFO - il.indexing.FileBasedIndexImpl - index version changed for 'java.source.module.name'; old = -1, new = 2 
2020-05-05 15:19:40,270 [   3063]   INFO - il.indexing.FileBasedIndexImpl - index version changed for 'java.null.method.argument'; old = -1, new = 4097 
2020-05-05 15:19:40,277 [   3070]   INFO - il.indexing.FileBasedIndexImpl - index version changed for 'java.simple.property'; old = -1, new = 3 
2020-05-05 15:19:40,285 [   3078]   INFO - il.indexing.FileBasedIndexImpl - index version changed for 'java.fun.expression'; old = -1, new = 4100 
2020-05-05 15:19:40,292 [   3085]   INFO - il.indexing.FileBasedIndexImpl - index version changed for 'java.binary.plus.expression'; old = -1, new = 4099 
2020-05-05 15:19:40,301 [   3094]   INFO - il.indexing.FileBasedIndexImpl - index version changed for 'RefQueueIndex'; old = -1, new = 0 
2020-05-05 15:19:40,318 [   3111]   INFO - il.indexing.FileBasedIndexImpl - index version changed for 'xmlProperties'; old = -1, new = 2 
2020-05-05 15:19:40,333 [   3126]   INFO - il.indexing.FileBasedIndexImpl - index version changed for 'ant-imports'; old = -1, new = 5 
2020-05-05 15:19:40,338 [   3131]   INFO -                         STDOUT - Starting searchable options index builder 
2020-05-05 15:19:40,342 [   3135]   INFO - il.indexing.FileBasedIndexImpl - index version changed for 'groovy.trait.fields'; old = -1, new = 5 
2020-05-05 15:19:40,345 [   3138]   INFO - il.indexing.FileBasedIndexImpl - index version changed for 'groovy.trait.methods'; old = -1, new = 25 
2020-05-05 15:19:40,350 [   3143]   INFO - il.indexing.FileBasedIndexImpl - index version changed for 'org.jetbrains.kotlin.idea.versions.KotlinJvmMetadataVersionIndex'; old = -1, new = 5 
2020-05-05 15:19:40,359 [   3152]   INFO - il.indexing.FileBasedIndexImpl - index version changed for 'org.jetbrains.kotlin.idea.versions.KotlinJsMetadataVersionIndex'; old = -1, new = 3 
2020-05-05 15:19:40,367 [   3160]   INFO - il.indexing.FileBasedIndexImpl - index version changed for 'org.jetbrains.kotlin.idea.vfilefinder.KotlinClassFileIndex'; old = -1, new = 3 
2020-05-05 15:19:40,371 [   3164]   INFO - il.indexing.FileBasedIndexImpl - index version changed for 'org.jetbrains.kotlin.idea.vfilefinder.KotlinJavaScriptMetaFileIndex'; old = -1, new = 4 
2020-05-05 15:19:40,376 [   3169]   INFO - il.indexing.FileBasedIndexImpl - index version changed for 'org.jetbrains.kotlin.idea.vfilefinder.KotlinMetadataFileIndex'; old = -1, new = 1 
2020-05-05 15:19:40,384 [   3177]   INFO - il.indexing.FileBasedIndexImpl - index version changed for 'org.jetbrains.kotlin.idea.vfilefinder.KotlinMetadataFilePackageIndex'; old = -1, new = 1 
2020-05-05 15:19:40,389 [   3182]   INFO - il.indexing.FileBasedIndexImpl - index version changed for 'org.jetbrains.kotlin.idea.vfilefinder.KotlinModuleMappingIndex'; old = -1, new = 5 
2020-05-05 15:19:40,394 [   3187]   INFO - il.indexing.FileBasedIndexImpl - index version changed for 'org.jetbrains.kotlin.idea.vfilefinder.KotlinPackageSourcesMemberNamesIndex'; old = -1, new = 2 
2020-05-05 15:19:40,410 [   3203]   INFO - il.indexing.FileBasedIndexImpl - index version changed for 'org.jetbrains.kotlin.idea.vfilefinder.KotlinJvmModuleAnnotationsIndex'; old = -1, new = 1 
2020-05-05 15:19:40,418 [   3211]   INFO - il.indexing.FileBasedIndexImpl - index version changed for 'org.jetbrains.kotlin.ide.konan.index.KotlinNativeMetaFileIndex'; old = -1, new = 4 
2020-05-05 15:19:40,423 [   3216]   INFO - il.indexing.FileBasedIndexImpl - index version changed for 'com.intellij.uiDesigner.FormClassIndex'; old = -1, new = 0 
2020-05-05 15:19:40,429 [   3222]   INFO - il.indexing.FileBasedIndexImpl - index version changed for 'IdeaPluginRegistrationIndex'; old = -1, new = 3 
2020-05-05 15:19:40,436 [   3229]   INFO - il.indexing.FileBasedIndexImpl - index version changed for 'PluginIdModuleIndex'; old = -1, new = 1 
2020-05-05 15:19:40,441 [   3234]   INFO - il.indexing.FileBasedIndexImpl - index version changed for 'PluginIdDependenciesIndex'; old = -1, new = 1 
2020-05-05 15:19:40,445 [   3238]   INFO - il.indexing.FileBasedIndexImpl - index version changed for 'devkit.ExtensionPointIndex'; old = -1, new = 0 
2020-05-05 15:19:40,452 [   3245]   INFO - il.indexing.FileBasedIndexImpl - index version changed for 'JavaFxControllerClassIndex'; old = -1, new = 1 
2020-05-05 15:19:40,461 [   3254]   INFO - il.indexing.FileBasedIndexImpl - index version changed for 'javafx.id.name'; old = -1, new = 2 
2020-05-05 15:19:40,467 [   3260]   INFO - il.indexing.FileBasedIndexImpl - index version changed for 'javafx.custom.component'; old = -1, new = 1 
2020-05-05 15:19:40,472 [   3265]   INFO - il.indexing.FileBasedIndexImpl - index version changed for 'editorconfig.index.name'; old = -1, new = 5 
2020-05-05 15:19:40,476 [   3269]   INFO - il.indexing.FileBasedIndexImpl - index version changed for 'BindingXmlIndex'; old = -1, new = 7 
2020-05-05 15:19:40,482 [   3275]   INFO - il.indexing.FileBasedIndexImpl - index version changed for 'yaml.keys.name'; old = -1, new = 1 
2020-05-05 15:19:40,493 [   3286]   INFO - il.indexing.FileBasedIndexImpl - Indices to be rebuilt after corruption:FilenameIndex,FrameworkDetectionIndex,TodoIndex,IdIndex,filetypes,Stubs,Trigram.Index,fileIncludes,DomFileIndex,RelaxSymbolIndex,XmlTagNames,XmlNamespaces,html5.custom.attributes.index,SchemaTypeInheritance,json.file.root.values,ImageFileInfoIndex,XsltSymbolIndex,bytecodeAnalysis,java.auto.module.name,java.source.module.name,java.null.method.argument,java.simple.property,java.fun.expression,java.binary.plus.expression,RefQueueIndex,xmlProperties,ant-imports,groovy.trait.fields,groovy.trait.methods,org.jetbrains.kotlin.idea.versions.KotlinJvmMetadataVersionIndex,org.jetbrains.kotlin.idea.versions.KotlinJsMetadataVersionIndex,org.jetbrains.kotlin.idea.vfilefinder.KotlinClassFileIndex,org.jetbrains.kotlin.idea.vfilefinder.KotlinJavaScriptMetaFileIndex,org.jetbrains.kotlin.idea.vfilefinder.KotlinMetadataFileIndex,org.jetbrains.kotlin.idea.vfilefinder.KotlinMetadataFilePackageIndex,org.jetbrains.kotlin.idea.vfilefinder.KotlinModuleMappingIndex,org.jetbrains.kotlin.idea.vfilefinder.KotlinPackageSourcesMemberNamesIndex,org.jetbrains.kotlin.idea.vfilefinder.KotlinJvmModuleAnnotationsIndex,org.jetbrains.kotlin.ide.konan.index.KotlinNativeMetaFileIndex,com.intellij.uiDesigner.FormClassIndex,IdeaPluginRegistrationIndex,PluginIdModuleIndex,PluginIdDependenciesIndex,devkit.ExtensionPointIndex,JavaFxControllerClassIndex,javafx.id.name,javafx.custom.component,editorconfig.index.name,BindingXmlIndex,yaml.keys.name 
2020-05-05 15:19:40,498 [   3291]   INFO - leBasedIndexDataInitialization - Initialization done: 1058 
2020-05-05 15:19:40,568 [   3361]   INFO - il.indexing.FileBasedIndexImpl - index version changed for 'dom.namespaceKey'; old = -1, new = 1 
2020-05-05 15:19:40,571 [   3364]   INFO - il.indexing.FileBasedIndexImpl - index version changed for 'dom.elementClass'; old = -1, new = 0 
2020-05-05 15:19:40,575 [   3368]   INFO - il.indexing.FileBasedIndexImpl - index version changed for 'java.module.name'; old = -1, new = 4 
2020-05-05 15:19:40,577 [   3370]   INFO - il.indexing.FileBasedIndexImpl - index version changed for 'java.method.parameter.types'; old = -1, new = 3 
2020-05-05 15:19:40,581 [   3374]   INFO - il.indexing.FileBasedIndexImpl - index version changed for 'java.class.extlist'; old = -1, new = 3 
2020-05-05 15:19:40,583 [   3376]   INFO - il.indexing.FileBasedIndexImpl - index version changed for 'java.class.shortname'; old = -1, new = 4 
2020-05-05 15:19:40,588 [   3381]   INFO - il.indexing.FileBasedIndexImpl - index version changed for 'jvm.static.member.type'; old = -1, new = 2 
2020-05-05 15:19:40,592 [   3385]   INFO - il.indexing.FileBasedIndexImpl - index version changed for 'jvm.static.member.name'; old = -1, new = 2 
2020-05-05 15:19:40,595 [   3388]   INFO - il.indexing.FileBasedIndexImpl - index version changed for 'java.method.name'; old = -1, new = 2 
2020-05-05 15:19:40,599 [   3392]   INFO - il.indexing.FileBasedIndexImpl - index version changed for 'java.class.fqn'; old = -1, new = 1 
2020-05-05 15:19:40,602 [   3395]   INFO - il.indexing.FileBasedIndexImpl - index version changed for 'java.field.name'; old = -1, new = 2 
2020-05-05 15:19:40,605 [   3398]   INFO - il.indexing.FileBasedIndexImpl - index version changed for 'java.anonymous.baseref'; old = -1, new = 2 
2020-05-05 15:19:40,608 [   3401]   INFO - il.indexing.FileBasedIndexImpl - index version changed for 'java.annotations'; old = -1, new = 2 
2020-05-05 15:19:40,611 [   3404]   INFO - il.indexing.FileBasedIndexImpl - index version changed for 'markdown.header'; old = -1, new = 2 
2020-05-05 15:19:40,616 [   3409]   INFO - il.indexing.FileBasedIndexImpl - index version changed for 'properties.index'; old = -1, new = 2 
2020-05-05 15:19:40,618 [   3411]   INFO - il.indexing.FileBasedIndexImpl - index version changed for 'gr.class.fqn'; old = -1, new = 1 
2020-05-05 15:19:40,620 [   3413]   INFO - il.indexing.FileBasedIndexImpl - index version changed for 'gr.script.fqn'; old = -1, new = 2 
2020-05-05 15:19:40,623 [   3416]   INFO - il.indexing.FileBasedIndexImpl - index version changed for 'gr.field.name'; old = -1, new = 2 
2020-05-05 15:19:40,626 [   3419]   INFO - il.indexing.FileBasedIndexImpl - index version changed for 'gr.method.name'; old = -1, new = 2 
2020-05-05 15:19:40,629 [   3422]   INFO - il.indexing.FileBasedIndexImpl - index version changed for 'gr.annot.method.name'; old = -1, new = 2 
2020-05-05 15:19:40,634 [   3427]   INFO - il.indexing.FileBasedIndexImpl - index version changed for 'gr.annot.members'; old = -1, new = 2 
2020-05-05 15:19:40,638 [   3431]   INFO - il.indexing.FileBasedIndexImpl - index version changed for 'gr.script.class'; old = -1, new = 2 
2020-05-05 15:19:40,642 [   3435]   INFO - il.indexing.FileBasedIndexImpl - index version changed for 'gr.class.super'; old = -1, new = 2 
2020-05-05 15:19:40,645 [   3438]   INFO - il.indexing.FileBasedIndexImpl - index version changed for 'gr.anonymous.class'; old = -1, new = 3 
2020-05-05 15:19:40,649 [   3442]   INFO - il.indexing.FileBasedIndexImpl - index version changed for 'org.jetbrains.kotlin.idea.stubindex.KotlinExactPackagesIndex'; old = -1, new = 2 
2020-05-05 15:19:40,652 [   3445]   INFO - il.indexing.FileBasedIndexImpl - index version changed for 'org.jetbrains.kotlin.idea.stubindex.KotlinTopLevelClassByPackageIndex'; old = -1, new = 2 
2020-05-05 15:19:40,655 [   3448]   INFO - il.indexing.FileBasedIndexImpl - index version changed for 'org.jetbrains.kotlin.idea.stubindex.KotlinTopLevelFunctionByPackageIndex'; old = -1, new = 2 
2020-05-05 15:19:40,658 [   3451]   INFO - il.indexing.FileBasedIndexImpl - index version changed for 'org.jetbrains.kotlin.idea.stubindex.KotlinTopLevelPropertyByPackageIndex'; old = -1, new = 2 
2020-05-05 15:19:40,660 [   3453]   INFO - il.indexing.FileBasedIndexImpl - index version changed for 'org.jetbrains.kotlin.idea.stubindex.KotlinTopLevelTypeAliasByPackageIndex'; old = -1, new = 2 
2020-05-05 15:19:40,666 [   3459]   INFO - il.indexing.FileBasedIndexImpl - index version changed for 'org.jetbrains.kotlin.idea.stubindex.KotlinClassShortNameIndex'; old = -1, new = 2 
2020-05-05 15:19:40,668 [   3461]   INFO - il.indexing.FileBasedIndexImpl - index version changed for 'org.jetbrains.kotlin.idea.stubindex.KotlinFullClassNameIndex'; old = -1, new = 2 
2020-05-05 15:19:40,670 [   3463]   INFO - il.indexing.FileBasedIndexImpl - index version changed for 'org.jetbrains.kotlin.idea.stubindex.KotlinPropertyShortNameIndex'; old = -1, new = 2 
2020-05-05 15:19:40,673 [   3466]   INFO - il.indexing.FileBasedIndexImpl - index version changed for 'org.jetbrains.kotlin.idea.stubindex.KotlinFunctionShortNameIndex'; old = -1, new = 2 
2020-05-05 15:19:40,675 [   3468]   INFO - il.indexing.FileBasedIndexImpl - index version changed for 'org.jetbrains.kotlin.idea.stubindex.KotlinTypeAliasShortNameIndex'; old = -1, new = 2 
2020-05-05 15:19:40,677 [   3470]   INFO - il.indexing.FileBasedIndexImpl - index version changed for 'org.jetbrains.kotlin.idea.stubindex.KotlinSuperClassIndex'; old = -1, new = 2 
2020-05-05 15:19:40,679 [   3472]   INFO - il.indexing.FileBasedIndexImpl - index version changed for 'org.jetbrains.kotlin.idea.stubindex.KotlinTopLevelFunctionFqnNameIndex'; old = -1, new = 2 
2020-05-05 15:19:40,682 [   3475]   INFO - il.indexing.FileBasedIndexImpl - index version changed for 'org.jetbrains.kotlin.idea.stubindex.KotlinTopLevelPropertyFqnNameIndex'; old = -1, new = 2 
2020-05-05 15:19:40,685 [   3478]   INFO - il.indexing.FileBasedIndexImpl - index version changed for 'org.jetbrains.kotlin.idea.stubindex.KotlinTopLevelTypeAliasFqNameIndex'; old = -1, new = 2 
2020-05-05 15:19:40,689 [   3482]   INFO - il.indexing.FileBasedIndexImpl - index version changed for 'org.jetbrains.kotlin.idea.stubindex.KotlinTopLevelExtensionsByReceiverTypeIndex'; old = -1, new = 2 
2020-05-05 15:19:40,693 [   3486]   INFO - il.indexing.FileBasedIndexImpl - index version changed for 'org.jetbrains.kotlin.idea.stubindex.KotlinAnnotationsIndex'; old = -1, new = 3 
2020-05-05 15:19:40,696 [   3489]   INFO - il.indexing.FileBasedIndexImpl - index version changed for 'org.jetbrains.kotlin.idea.stubindex.KotlinProbablyNothingFunctionShortNameIndex'; old = -1, new = 2 
2020-05-05 15:19:40,700 [   3493]   INFO - il.indexing.FileBasedIndexImpl - index version changed for 'org.jetbrains.kotlin.idea.stubindex.KotlinProbablyNothingPropertyShortNameIndex'; old = -1, new = 2 
2020-05-05 15:19:40,705 [   3498]   INFO - il.indexing.FileBasedIndexImpl - index version changed for 'org.jetbrains.kotlin.idea.stubindex.KotlinProbablyContractedFunctionShortNameIndex'; old = -1, new = 2 
2020-05-05 15:19:40,709 [   3502]   INFO - il.indexing.FileBasedIndexImpl - index version changed for 'org.jetbrains.kotlin.idea.stubindex.KotlinFileFacadeFqNameIndex'; old = -1, new = 2 
2020-05-05 15:19:40,712 [   3505]   INFO - il.indexing.FileBasedIndexImpl - index version changed for 'org.jetbrains.kotlin.idea.stubindex.KotlinFilePartClassIndex'; old = -1, new = 2 
2020-05-05 15:19:40,715 [   3508]   INFO - il.indexing.FileBasedIndexImpl - index version changed for 'org.jetbrains.kotlin.idea.stubindex.KotlinFileFacadeClassByPackageIndex'; old = -1, new = 2 
2020-05-05 15:19:40,720 [   3513]   INFO - il.indexing.FileBasedIndexImpl - index version changed for 'org.jetbrains.kotlin.idea.stubindex.KotlinFileFacadeShortNameIndex'; old = -1, new = 2 
2020-05-05 15:19:40,730 [   3523]   INFO - il.indexing.FileBasedIndexImpl - index version changed for 'org.jetbrains.kotlin.idea.stubindex.KotlinMultifileClassPartIndex'; old = -1, new = 2 
2020-05-05 15:19:40,731 [   3524]   INFO - penapi.application.Experiments - Experimental features enabled for user: wsl.p9.support, wsl.p9.show.roots.in.file.chooser, inline.browse.button, linux.native.menu, recent.and.edited.files.together, show.create.new.element.in.popup, copy.reference.popup, new.large.text.file.viewer, property.value.inplace.editing 
2020-05-05 15:19:40,734 [   3527]   INFO - il.indexing.FileBasedIndexImpl - index version changed for 'org.jetbrains.kotlin.idea.stubindex.KotlinScriptFqnIndex'; old = -1, new = 2 
2020-05-05 15:19:40,737 [   3530]   INFO - il.indexing.FileBasedIndexImpl - index version changed for 'org.jetbrains.kotlin.idea.stubindex.KotlinTypeAliasByExpansionShortNameIndex'; old = -1, new = 2 
2020-05-05 15:19:40,744 [   3537]   INFO - il.indexing.FileBasedIndexImpl - index version changed for 'org.jetbrains.kotlin.idea.stubindex.KotlinOverridableInternalMembersShortNameIndex'; old = -1, new = 2 
2020-05-05 15:19:40,748 [   3541]   INFO - tellij.psi.stubs.StubIndexImpl - Following stub indices will be built:dom.namespaceKey,dom.elementClass,java.annotations,java.class.extlist,java.field.name,java.method.name,jvm.static.member.name,jvm.static.member.type,java.anonymous.baseref,java.method.parameter.types,java.class.shortname,java.class.fqn,java.module.name,markdown.header,properties.index,gr.class.fqn,gr.script.fqn,gr.field.name,gr.method.name,gr.annot.method.name,gr.annot.members,gr.script.class,gr.class.super,gr.anonymous.class,org.jetbrains.kotlin.idea.stubindex.KotlinExactPackagesIndex,org.jetbrains.kotlin.idea.stubindex.KotlinTopLevelClassByPackageIndex,org.jetbrains.kotlin.idea.stubindex.KotlinTopLevelFunctionByPackageIndex,org.jetbrains.kotlin.idea.stubindex.KotlinTopLevelPropertyByPackageIndex,org.jetbrains.kotlin.idea.stubindex.KotlinTopLevelTypeAliasByPackageIndex,org.jetbrains.kotlin.idea.stubindex.KotlinClassShortNameIndex,org.jetbrains.kotlin.idea.stubindex.KotlinFullClassNameIndex,org.jetbrains.kotlin.idea.stubindex.KotlinPropertyShortNameIndex,org.jetbrains.kotlin.idea.stubindex.KotlinFunctionShortNameIndex,org.jetbrains.kotlin.idea.stubindex.KotlinTypeAliasShortNameIndex,org.jetbrains.kotlin.idea.stubindex.KotlinSuperClassIndex,org.jetbrains.kotlin.idea.stubindex.KotlinTopLevelFunctionFqnNameIndex,org.jetbrains.kotlin.idea.stubindex.KotlinTopLevelPropertyFqnNameIndex,org.jetbrains.kotlin.idea.stubindex.KotlinTopLevelTypeAliasFqNameIndex,org.jetbrains.kotlin.idea.stubindex.KotlinTopLevelExtensionsByReceiverTypeIndex,org.jetbrains.kotlin.idea.stubindex.KotlinAnnotationsIndex,org.jetbrains.kotlin.idea.stubindex.KotlinProbablyNothingFunctionShortNameIndex,org.jetbrains.kotlin.idea.stubindex.KotlinProbablyNothingPropertyShortNameIndex,org.jetbrains.kotlin.idea.stubindex.KotlinProbablyContractedFunctionShortNameIndex,org.jetbrains.kotlin.idea.stubindex.KotlinFileFacadeFqNameIndex,org.jetbrains.kotlin.idea.stubindex.KotlinFilePartClassIndex,org.jetbrains.kotlin.idea.stubindex.KotlinFileFacadeClassByPackageIndex,org.jetbrains.kotlin.idea.stubindex.KotlinFileFacadeShortNameIndex,org.jetbrains.kotlin.idea.stubindex.KotlinMultifileClassPartIndex,org.jetbrains.kotlin.idea.stubindex.KotlinScriptFqnIndex,org.jetbrains.kotlin.idea.stubindex.KotlinTypeAliasByExpansionShortNameIndex,org.jetbrains.kotlin.idea.stubindex.KotlinOverridableInternalMembersShortNameIndex 
2020-05-05 15:19:40,748 [   3541]   INFO - exImpl$StubIndexInitialization - Initialization done: 249 
2020-05-05 15:19:40,841 [   3634]   WARN - ConfigurableExtensionPointUtil - ignore deprecated groupId: language for id: preferences.language.Kotlin.scripting 
2020-05-05 15:19:41,639 [   4432]   WARN - nSystem.impl.ActionManagerImpl - keymap "Xcode" not found [Plugin: com.intellij] 
2020-05-05 15:19:42,975 [   5768]   INFO - CompilerWorkspaceConfiguration - Available processors: 4 
2020-05-05 15:19:43,852 [   6645]   WARN - Container.ComponentManagerImpl - Do not use constructor injection (requestorClass=com.android.tools.idea.sdk.AndroidSdks) 
2020-05-05 15:19:45,512 [   8305]   INFO - com.intellij.ide.ui.UISettings - Loaded: fontSize=13, fontScale=1.0; restored: fontSize=13, fontScale=1.0 
2020-05-05 15:19:51,992 [  14785]   INFO - ateSettings.impl.UpdateChecker - failed to load plugin descriptions from : Malformed URL:  
2020-05-05 15:19:52,051 [  14844]   INFO - gins.PluginManagerConfigurable -  
java.net.MalformedURLException: Malformed URL: 
	at com.intellij.util.Urls.newFromEncoded(Urls.kt:63)
	at com.intellij.ide.plugins.RepositoryHelper.loadPlugins(RepositoryHelper.java:101)
	at com.intellij.ide.plugins.RepositoryHelper.loadPlugins(RepositoryHelper.java:86)
	at com.intellij.ide.plugins.PluginManagerConfigurable.loadRepositoryPlugins(PluginManagerConfigurable.java:1549)
	at com.intellij.ide.plugins.PluginManagerConfigurable.access$2000(PluginManagerConfigurable.java:73)
	at com.intellij.ide.plugins.PluginManagerConfigurable$7.lambda$createPluginsPanel$3(PluginManagerConfigurable.java:382)
	at com.intellij.util.RunnableCallable.call(RunnableCallable.java:20)
	at com.intellij.util.RunnableCallable.call(RunnableCallable.java:11)
	at com.intellij.openapi.application.impl.ApplicationImpl$1.call(ApplicationImpl.java:255)
	at java.base/java.util.concurrent.FutureTask.run(FutureTask.java:264)
	at java.base/java.util.concurrent.ThreadPoolExecutor.runWorker(ThreadPoolExecutor.java:1128)
	at java.base/java.util.concurrent.ThreadPoolExecutor$Worker.run(ThreadPoolExecutor.java:628)
	at java.base/java.lang.Thread.run(Thread.java:834)
2020-05-05 15:19:54,488 [  17281]   INFO - leScriptDefinitionsContributor - [kts] error loading gradle script templates: Project 'Default (Template) Project' isn't linked with Gradle 
2020-05-05 15:19:54,494 [  17287]   INFO - leScriptDefinitionsContributor - [kts] error loading gradle script templates: Project 'Default (Template) Project' isn't linked with Gradle 
2020-05-05 15:19:54,494 [  17287]   INFO - leScriptDefinitionsContributor - [kts] error loading gradle script templates: Project 'Default (Template) Project' isn't linked with Gradle 
2020-05-05 15:19:55,683 [  18476]   INFO -   #com.intellij.util.Restarter - not supported: not a bundle: /Users/thvardhan/.gradle/caches/modules-2/files-2.1/com.jetbrains.intellij.idea/ideaIC/2020.1/cbeeb1f1aebd4c9ea8fb5ab990c5904a676fc41a/ideaIC-2020.1 
2020-05-05 15:19:57,415 [  20208]   INFO -                         STDOUT - Searchable options index builder completed 
2020-05-05 15:19:57,562 [  20355]   INFO - org.jetbrains.io.BuiltInServer - web server stopped 
2020-05-05 15:19:57,580 [  20373]  ERROR - tellij.openapi.util.ObjectTree - Already shutdown 
java.util.concurrent.RejectedExecutionException: Already shutdown
	at com.intellij.util.concurrency.BoundedTaskExecutor.execute(BoundedTaskExecutor.java:133)
	at java.base/java.util.concurrent.AbstractExecutorService.submit(AbstractExecutorService.java:118)
	at com.intellij.openapi.vfs.impl.local.FileWatcher.setWatchRoots(FileWatcher.java:165)
	at com.intellij.openapi.vfs.impl.local.WatchRootsManager.updateFileWatcher(WatchRootsManager.java:151)
	at com.intellij.openapi.vfs.impl.local.WatchRootsManager.replaceWatchedRoots(WatchRootsManager.java:75)
	at com.intellij.openapi.vfs.impl.local.LocalFileSystemImpl.replaceWatchedRoots(LocalFileSystemImpl.java:135)
	at com.intellij.openapi.vfs.LocalFileSystem.removeWatchedRoots(LocalFileSystem.java:91)
	at com.intellij.compiler.CompilerManagerImpl.lambda$new$0(CompilerManagerImpl.java:103)
	at com.intellij.openapi.util.ObjectNode.lambda$execute$0(ObjectNode.java:111)
	at com.intellij.openapi.util.ObjectTree.executeActionWithRecursiveGuard(ObjectTree.java:184)
	at com.intellij.openapi.util.ObjectNode.execute(ObjectNode.java:71)
	at com.intellij.openapi.util.ObjectNode.lambda$execute$0(ObjectNode.java:95)
	at com.intellij.openapi.util.ObjectTree.executeActionWithRecursiveGuard(ObjectTree.java:184)
	at com.intellij.openapi.util.ObjectNode.execute(ObjectNode.java:71)
	at com.intellij.openapi.util.ObjectTree.executeAll(ObjectTree.java:134)
	at com.intellij.openapi.util.Disposer.dispose(Disposer.java:116)
	at com.intellij.openapi.util.Disposer.dispose(Disposer.java:106)
	at com.intellij.openapi.project.impl.ProjectManagerImpl.dispose(ProjectManagerImpl.java:168)
	at com.intellij.openapi.util.ObjectNode.lambda$execute$0(ObjectNode.java:111)
	at com.intellij.openapi.util.ObjectTree.executeActionWithRecursiveGuard(ObjectTree.java:184)
	at com.intellij.openapi.util.ObjectNode.execute(ObjectNode.java:71)
	at com.intellij.openapi.util.ObjectNode.lambda$execute$0(ObjectNode.java:95)
	at com.intellij.openapi.util.ObjectTree.executeActionWithRecursiveGuard(ObjectTree.java:184)
	at com.intellij.openapi.util.ObjectNode.execute(ObjectNode.java:71)
	at com.intellij.openapi.util.ObjectTree.executeAll(ObjectTree.java:134)
	at com.intellij.openapi.util.Disposer.dispose(Disposer.java:116)
	at com.intellij.openapi.util.Disposer.dispose(Disposer.java:106)
	at com.intellij.serviceContainer.ComponentManagerImpl.dispose(ComponentManagerImpl.kt:846)
	at com.intellij.openapi.application.impl.ApplicationImpl.dispose(ApplicationImpl.java:350)
	at com.intellij.openapi.util.ObjectNode.lambda$execute$0(ObjectNode.java:111)
	at com.intellij.openapi.util.ObjectTree.executeActionWithRecursiveGuard(ObjectTree.java:184)
	at com.intellij.openapi.util.ObjectNode.execute(ObjectNode.java:71)
	at com.intellij.openapi.util.ObjectTree.executeAll(ObjectTree.java:134)
	at com.intellij.openapi.util.Disposer.dispose(Disposer.java:116)
	at com.intellij.openapi.util.Disposer.dispose(Disposer.java:106)
	at com.intellij.openapi.application.impl.ApplicationImpl.lambda$disposeContainer$3(ApplicationImpl.java:181)
	at com.intellij.openapi.application.impl.ApplicationImpl.runWriteAction(ApplicationImpl.java:976)
	at com.intellij.openapi.application.impl.ApplicationImpl.disposeContainer(ApplicationImpl.java:179)
	at com.intellij.openapi.application.impl.ApplicationImpl.disposeSelf(ApplicationImpl.java:200)
	at com.intellij.openapi.application.impl.ApplicationImpl.doExit(ApplicationImpl.java:621)
	at com.intellij.openapi.application.impl.ApplicationImpl.exit(ApplicationImpl.java:589)
	at com.intellij.openapi.application.impl.ApplicationImpl.exit(ApplicationImpl.java:578)
	at com.intellij.ide.ui.search.TraverseUIStarter.main(TraverseUIStarter.java:81)
	at com.intellij.openapi.application.ApplicationStarter.main(ApplicationStarter.java:62)
	at com.intellij.idea.ApplicationLoader$startApp$8$1$1.run(ApplicationLoader.kt:228)
	at com.intellij.openapi.application.TransactionGuardImpl.performUserActivity(TransactionGuardImpl.java:94)
	at com.intellij.idea.ApplicationLoader$startApp$8$1.run(ApplicationLoader.kt:227)
	at com.intellij.openapi.application.TransactionGuardImpl$2.run(TransactionGuardImpl.java:201)
	at com.intellij.openapi.application.impl.ApplicationImpl.runIntendedWriteActionOnCurrentThread(ApplicationImpl.java:831)
	at com.intellij.openapi.application.impl.ApplicationImpl.lambda$invokeLater$4(ApplicationImpl.java:310)
	at com.intellij.openapi.application.impl.FlushQueue.doRun(FlushQueue.java:80)
	at com.intellij.openapi.application.impl.FlushQueue.runNextEvent(FlushQueue.java:128)
	at com.intellij.openapi.application.impl.FlushQueue.flushNow(FlushQueue.java:46)
	at com.intellij.openapi.application.impl.FlushQueue$FlushNow.run(FlushQueue.java:184)
	at java.desktop/java.awt.event.InvocationEvent.dispatch(InvocationEvent.java:313)
	at java.desktop/java.awt.EventQueue.dispatchEventImpl(EventQueue.java:776)
	at java.desktop/java.awt.EventQueue$4.run(EventQueue.java:727)
	at java.desktop/java.awt.EventQueue$4.run(EventQueue.java:721)
	at java.base/java.security.AccessController.doPrivileged(Native Method)
	at java.base/java.security.ProtectionDomain$JavaSecurityAccessImpl.doIntersectionPrivilege(ProtectionDomain.java:85)
	at java.desktop/java.awt.EventQueue.dispatchEvent(EventQueue.java:746)
	at com.intellij.ide.IdeEventQueue.defaultDispatchEvent(IdeEventQueue.java:974)
	at com.intellij.ide.IdeEventQueue._dispatchEvent(IdeEventQueue.java:847)
	at com.intellij.ide.IdeEventQueue.lambda$null$8(IdeEventQueue.java:449)
	at com.intellij.openapi.progress.impl.CoreProgressManager.computePrioritized(CoreProgressManager.java:739)
	at com.intellij.ide.IdeEventQueue.lambda$dispatchEvent$9(IdeEventQueue.java:448)
	at com.intellij.openapi.application.impl.ApplicationImpl.runIntendedWriteActionOnCurrentThread(ApplicationImpl.java:831)
	at com.intellij.ide.IdeEventQueue.dispatchEvent(IdeEventQueue.java:496)
	at java.desktop/java.awt.EventDispatchThread.pumpOneEventForFilters(EventDispatchThread.java:203)
	at java.desktop/java.awt.EventDispatchThread.pumpEventsForFilter(EventDispatchThread.java:124)
	at java.desktop/java.awt.EventDispatchThread.pumpEventsForHierarchy(EventDispatchThread.java:113)
	at java.desktop/java.awt.EventDispatchThread.pumpEvents(EventDispatchThread.java:109)
	at java.desktop/java.awt.EventDispatchThread.pumpEvents(EventDispatchThread.java:101)
	at java.desktop/java.awt.EventDispatchThread.run(EventDispatchThread.java:90)
2020-05-05 15:19:57,581 [  20374]  ERROR - tellij.openapi.util.ObjectTree - IntelliJ IDEA 2020.1  Build #IC-201.6668.121 
2020-05-05 15:19:57,581 [  20374]  ERROR - tellij.openapi.util.ObjectTree - JDK: 11.0.6; VM: OpenJDK 64-Bit Server VM; Vendor: JetBrains s.r.o 
2020-05-05 15:19:57,581 [  20374]  ERROR - tellij.openapi.util.ObjectTree - OS: Mac OS X 
2020-05-05 15:19:57,585 [  20378]   INFO - Types.impl.FileTypeManagerImpl - 0 auto-detected files. Detection took 0 ms 
2020-05-05 15:19:57,586 [  20379]   INFO - il.indexing.FileBasedIndexImpl - START INDEX SHUTDOWN 
2020-05-05 15:19:57,661 [  20454]   INFO - tellij.psi.stubs.StubIndexImpl - StubIndexExtension-s were unloaded 
2020-05-05 15:19:57,665 [  20458]   INFO - il.indexing.FileBasedIndexImpl - END INDEX SHUTDOWN 
2020-05-05 15:19:57,665 [  20458]   INFO - newvfs.persistent.PersistentFS - VFS dispose started 
2020-05-05 15:19:57,677 [  20470]   INFO - newvfs.persistent.PersistentFS - VFS dispose completed 
2020-05-05 15:19:58,266 [  21059]   INFO - stubs.SerializationManagerImpl - START StubSerializationManager SHUTDOWN 
2020-05-05 15:19:58,272 [  21065]   INFO - stubs.SerializationManagerImpl - END StubSerializationManager SHUTDOWN 
2020-05-05 15:19:58,280 [  21073]   INFO - plication.impl.ApplicationImpl - Write action Statistics:
Event number:     0
Total time spent: 0ms
Average duration: 0ms
Median  duration: 0ms
Max     duration: 0ms (it was 'null') 
2020-05-05 15:19:58,280 [  21073]   INFO - plication.impl.ApplicationImpl - AnAction.update() Statistics:
Event number:     0
Total time spent: 0ms
Average duration: 0ms
Median  duration: 0ms
Max     duration: 0ms (it was 'null') 
2020-05-05 15:19:58,280 [  21073]   INFO - plication.impl.ApplicationImpl - Global instance threads created counter = 7; ProcessIOExecutorService threads: 0 
2020-05-05 15:19:58,285 [  21078]   INFO -        #com.intellij.idea.Main - ------------------------------------------------------ IDE SHUTDOWN ------------------------------------------------------ 
2020-05-05 15:19:58,286 [  21079]   INFO - org.jetbrains.io.BuiltInServer - web server stopped 
2020-05-05 15:24:11,788 [      1]   INFO -        #com.intellij.idea.Main - ------------------------------------------------------ IDE STARTED ------------------------------------------------------ 
2020-05-05 15:24:11,797 [     10]   INFO - .intellij.util.EnvironmentUtil - loading shell env: /bin/zsh -l -i -c '/Users/thvardhan/.gradle/caches/modules-2/files-2.1/com.jetbrains.intellij.idea/ideaIC/2020.1/cbeeb1f1aebd4c9ea8fb5ab990c5904a676fc41a/ideaIC-2020.1/bin/printenv.py' '/private/var/folders/tk/vtkgtwyn52j9yn57tggw523m0000gn/T/intellij-shell-env.tmp' 
2020-05-05 15:24:11,838 [     51]   INFO -        #com.intellij.idea.Main - IDE: IntelliJ IDEA (build #IC-201.6668.121, 08 Apr 2020 20:39) 
2020-05-05 15:24:11,840 [     53]   INFO -        #com.intellij.idea.Main - OS: Mac OS X (10.15.4, x86_64) 
2020-05-05 15:24:11,840 [     53]   INFO -        #com.intellij.idea.Main - JRE: 11.0.6+8-b765.25 (JetBrains s.r.o) 
2020-05-05 15:24:11,840 [     53]   INFO -        #com.intellij.idea.Main - JVM: 11.0.6+8-b765.25 (OpenJDK 64-Bit Server VM) 
2020-05-05 15:24:11,845 [     58]   INFO -        #com.intellij.idea.Main - JVM Args: -Dapple.awt.fileDialogForDirectories=true -Dapple.laf.useScreenMenuBar=true -Didea.auto.reload.plugins=true -Didea.classpath.index.enabled=false -Didea.config.path=/Users/thvardhan/IdeaProjects/Gradianto/build/idea-sandbox/config -Didea.is.internal=true -Didea.platform.prefix=Idea -Didea.plugins.path=/Users/thvardhan/IdeaProjects/Gradianto/build/idea-sandbox/plugins -Didea.required.plugins.id=com.thvardhan.gradianto -Didea.smooth.progress=false -Didea.system.path=/Users/thvardhan/IdeaProjects/Gradianto/build/idea-sandbox/system -Xms256m -Xmx512m -Dfile.encoding=UTF-8 -Duser.country=GB -Duser.language=en -Duser.variant -ea 
2020-05-05 15:24:11,846 [     59]   INFO -        #com.intellij.idea.Main - Locale=en_GB JNU=UTF-8 file.encoding=UTF-8 
2020-05-05 15:24:12,475 [    688]   INFO -        #com.intellij.idea.Main - JNA library (64-bit) loaded in 679 ms 
2020-05-05 15:24:12,689 [    902]   INFO -        #com.intellij.idea.Main - CPU cores: 4; ForkJoinPool.commonPool: java.util.concurrent.ForkJoinPool@245e6437[Running, parallelism = 3, size = 0, active = 0, running = 0, steals = 0, tasks = 0, submissions = 0]; factory: com.intellij.concurrency.IdeaForkJoinWorkerThreadFactory@307dcc1a 
2020-05-05 15:24:13,940 [   2153]   INFO - llij.ide.plugins.PluginManager - Plugin com.intellij.java misses optional descriptor profiler-java.xml 
2020-05-05 15:24:13,984 [   2197]   INFO - llij.ide.plugins.PluginManager - Plugin org.intellij.groovy misses optional descriptor duplicates-groovy.xml 
2020-05-05 15:24:13,987 [   2200]   INFO - llij.ide.plugins.PluginManager - Plugin org.intellij.groovy misses optional descriptor duplicates-detection-groovy.xml 
2020-05-05 15:24:19,284 [   7497]   INFO - .intellij.util.EnvironmentUtil - shell environment loaded (14 vars) 
2020-05-05 15:24:19,557 [   7770]   WARN - i.mac.MacOSApplicationProvider - No URL bundle (CFBundleURLTypes) is defined in the main bundle.
To be able to open external links, specify protocols in the app layout section of the build file.
Example: args.urlSchemes = ["your-protocol"] will handle following links: your-protocol://open?file=file&line=line 
2020-05-05 15:24:19,569 [   7782]   INFO - llij.ide.plugins.PluginManager - Loaded bundled plugins: IDEA CORE (201.6668.121), com.intellij.platform.images (201.6668.121), JetBrains Repository Search (201.6668.121), Subversion (201.6668.121), XPathView + XSLT (201.6668.121), XSLT Debugger (201.6668.121), Smali Support (201.6668.121), Configuration Script (201.6668.121), Copyright (201.6668.121), Java (201.6668.121), Bytecode Viewer (201.6668.121), Git (201.6668.121), ChangeReminder (201.6668.121), Next File Prediction (201.6668.121), JUnit (201.6668.121), Task Management (201.6668.121), GitHub (201.6668.121), IntelliLang (201.6668.121), TestNG (201.6668.121), Code Coverage for Java (201.6668.121), Markdown (201.6668.121), Java IDE Customization (201.6668.121), Java Stream Debugger (201.6668.121), Eclipse Interoperability (201.6668.121), Java Bytecode Decompiler (201.6668.121), Gradle (201.6668.121), macOS Light Theme (201.6668.121), Windows 10 Light Theme (201.6668.121), Properties (201.6668.121), Ant (201.6668.121), Groovy (201.6668.121), Maven (201.6668.121), Gradle-Java (201.6668.121), Gradle-Maven (201.6668.121), Java Internationalization (201.6668.121), Kotlin (1.3.71-release-IJ2020.1-1), UI Designer (201.6668.121), Plugin DevKit (201.6668.121), JavaFX (201.6668.121), Resource Bundle Editor (201.6668.121), Machine Learning Code Completion (201.6668.121), Mercurial (201.6668.121), EditorConfig (201.6668.121), Terminal (201.6668.121), Android (10.3.6 RC 1), Shell Script (201.6668.121), TextMate bundles (201.6668.121), YAML (201.6668.121), Grazie (201.6668.121), Settings Repository (201.6668.121) 
2020-05-05 15:24:19,569 [   7782]   INFO - llij.ide.plugins.PluginManager - Loaded custom plugins: Gradianto (3.9) 
2020-05-05 15:24:20,040 [   8253]   INFO - m.intellij.ui.mac.touchbar.NST - touchbar-server isn't running, skip nst loading 
2020-05-05 15:24:20,071 [   8284]   INFO - ellij.util.io.PagedFileStorage - lower=100; upper=492; buffer=10; max=492 
2020-05-05 15:24:20,088 [   8301]   INFO - tellij.util.io.FileChannelUtil - un-interruptible FileChannel-s will be used for indexes 
2020-05-05 15:24:20,334 [   8547]   WARN - j.internal.DebugAttachDetector - Unable to start DebugAttachDetector, please add `--add-exports java.base/jdk.internal.vm=ALL-UNNAMED` to VM options 
2020-05-05 15:24:20,335 [   8548]   INFO - .history.utils.LocalHistoryLog - local history version mismatch (was: 0, expected: 6), rebuilding... 
2020-05-05 15:24:20,339 [   8552]   INFO - .history.utils.LocalHistoryLog - FS has been rebuild, rebuilding local history... 
2020-05-05 15:24:20,352 [   8565]   INFO - rains.ide.BuiltInServerManager - built-in server started, port 63343 
2020-05-05 15:24:20,431 [   8644]   INFO - com.intellij.ide.ui.UISettings - Loaded: fontSize=13, fontScale=1.0; restored: fontSize=13, fontScale=1.0 
2020-05-05 15:24:20,574 [   8787]   INFO - til.net.ssl.CertificateManager - Default SSL context initialized 
2020-05-05 15:24:20,695 [   8908]   INFO - pl.local.NativeFileWatcherImpl - Starting file watcher: /Users/thvardhan/.gradle/caches/modules-2/files-2.1/com.jetbrains.intellij.idea/ideaIC/2020.1/cbeeb1f1aebd4c9ea8fb5ab990c5904a676fc41a/ideaIC-2020.1/bin/mac/fsnotifier 
2020-05-05 15:24:20,706 [   8919]   INFO - pl.local.NativeFileWatcherImpl - Native file watcher is operational. 
2020-05-05 15:24:21,087 [   9300]   INFO - gs.impl.UpdateCheckerComponent - channel: release 
2020-05-05 15:24:21,165 [   9378]   INFO - penapi.application.Experiments - Experimental features enabled for user: wsl.p9.support, wsl.p9.show.roots.in.file.chooser, inline.browse.button, linux.native.menu, recent.and.edited.files.together, show.create.new.element.in.popup, copy.reference.popup, new.large.text.file.viewer, property.value.inplace.editing 
2020-05-05 15:24:21,231 [   9444]   WARN - nSystem.impl.ActionManagerImpl - keymap "Xcode" not found [Plugin: com.intellij] 
2020-05-05 15:24:21,387 [   9600]   INFO - leBasedIndexDataInitialization - Initialization done: 1000 
2020-05-05 15:24:21,630 [   9843]   INFO - exImpl$StubIndexInitialization - Initialization done: 243 
2020-05-05 15:24:22,076 [  10289]   INFO -   #com.intellij.util.Restarter - not supported: not a bundle: /Users/thvardhan/.gradle/caches/modules-2/files-2.1/com.jetbrains.intellij.idea/ideaIC/2020.1/cbeeb1f1aebd4c9ea8fb5ab990c5904a676fc41a/ideaIC-2020.1 
2020-05-05 15:24:28,528 [  16741]   INFO - rationStore.ComponentStoreImpl - Saving appDebuggerSettings took 16 ms 
2020-05-05 15:24:28,580 [  16793]   INFO - pl.local.NativeFileWatcherImpl - Watcher terminated with exit code 0 
2020-05-05 15:24:28,581 [  16794]   INFO - org.jetbrains.io.BuiltInServer - web server stopped 
2020-05-05 15:24:28,953 [  17166]   INFO - Types.impl.FileTypeManagerImpl - 0 auto-detected files. Detection took 0 ms 
2020-05-05 15:24:28,963 [  17176]   INFO - il.indexing.FileBasedIndexImpl - START INDEX SHUTDOWN 
2020-05-05 15:24:28,994 [  17207]   INFO - tellij.psi.stubs.StubIndexImpl - StubIndexExtension-s were unloaded 
2020-05-05 15:24:28,998 [  17211]   INFO - il.indexing.FileBasedIndexImpl - END INDEX SHUTDOWN 
2020-05-05 15:24:28,998 [  17211]   INFO - newvfs.persistent.PersistentFS - VFS dispose started 
2020-05-05 15:24:29,010 [  17223]   INFO - newvfs.persistent.PersistentFS - VFS dispose completed 
2020-05-05 15:24:29,011 [  17224]   INFO - stubs.SerializationManagerImpl - START StubSerializationManager SHUTDOWN 
2020-05-05 15:24:29,011 [  17224]   INFO - stubs.SerializationManagerImpl - END StubSerializationManager SHUTDOWN 
2020-05-05 15:24:29,012 [  17225]   INFO - plication.impl.ApplicationImpl - Write action Statistics:
Event number:     1
Total time spent: 239ms
Average duration: 239ms
Median  duration: 0ms
Max     duration: 239ms (it was 'write action (class com.intellij.openapi.projectRoots.impl.DefaultJdkConfigurator$$Lambda$597/0x000000080064ac40)') 
2020-05-05 15:24:29,013 [  17226]   INFO - plication.impl.ApplicationImpl - AnAction.update() Statistics:
Event number:     0
Total time spent: 0ms
Average duration: 0ms
Median  duration: 0ms
Max     duration: 0ms (it was 'null') 
2020-05-05 15:24:29,013 [  17226]   INFO - plication.impl.ApplicationImpl - Global instance threads created counter = 8; ProcessIOExecutorService threads: 3 
2020-05-05 15:24:29,013 [  17226]   INFO -        #com.intellij.idea.Main - ------------------------------------------------------ IDE SHUTDOWN ------------------------------------------------------ 
2020-05-05 15:24:29,015 [  17228]   INFO - org.jetbrains.io.BuiltInServer - web server stopped 
2020-05-05 15:25:28,093 [      0]   INFO -        #com.intellij.idea.Main - ------------------------------------------------------ IDE STARTED ------------------------------------------------------ 
2020-05-05 15:25:28,154 [     61]   INFO - ntellij.idea.ApplicationLoader - CPU cores: 4; ForkJoinPool.commonPool: java.util.concurrent.ForkJoinPool@4d2ecbd[Running, parallelism = 4, size = 0, active = 0, running = 0, steals = 0, tasks = 0, submissions = 0]; factory: com.intellij.concurrency.IdeaForkJoinWorkerThreadFactory@176c6ee6 
2020-05-05 15:25:28,615 [    522]   INFO -        #com.intellij.idea.Main - JNA library (64-bit) loaded in 473 ms 
2020-05-05 15:25:28,617 [    524]   INFO -        #com.intellij.idea.Main - IDE: IntelliJ IDEA (build #IC-201.6668.121, 08 Apr 2020 20:39) 
2020-05-05 15:25:28,617 [    524]   INFO -        #com.intellij.idea.Main - OS: Mac OS X (10.15.4, x86_64) 
2020-05-05 15:25:28,617 [    524]   INFO -        #com.intellij.idea.Main - JRE: 11.0.6+8-b765.25 (JetBrains s.r.o) 
2020-05-05 15:25:28,618 [    525]   INFO -        #com.intellij.idea.Main - JVM: 11.0.6+8-b765.25 (OpenJDK 64-Bit Server VM) 
2020-05-05 15:25:28,618 [    525]   INFO -        #com.intellij.idea.Main - JVM Args: -Dapple.awt.fileDialogForDirectories=true -Dapple.laf.useScreenMenuBar=true -Didea.auto.reload.plugins=true -Didea.classpath.index.enabled=false -Didea.config.path=/Users/thvardhan/IdeaProjects/Gradianto/build/idea-sandbox/config -Didea.is.internal=true -Didea.platform.prefix=Idea -Didea.plugins.path=/Users/thvardhan/IdeaProjects/Gradianto/build/idea-sandbox/plugins -Didea.required.plugins.id=com.thvardhan.gradianto -Didea.smooth.progress=false -Didea.system.path=/Users/thvardhan/IdeaProjects/Gradianto/build/idea-sandbox/system -Xms256m -Xmx512m -Dfile.encoding=UTF-8 -Duser.country=GB -Duser.language=en -Duser.variant -ea 
2020-05-05 15:25:28,618 [    525]   INFO -        #com.intellij.idea.Main - Locale=en_GB JNU=UTF-8 file.encoding=UTF-8 
2020-05-05 15:25:29,174 [   1081]   INFO - llij.ide.plugins.PluginManager - Plugin org.intellij.groovy misses optional descriptor duplicates-groovy.xml 
2020-05-05 15:25:29,175 [   1082]   INFO - llij.ide.plugins.PluginManager - Plugin org.intellij.groovy misses optional descriptor duplicates-detection-groovy.xml 
2020-05-05 15:25:29,233 [   1140]   INFO - llij.ide.plugins.PluginManager - Plugin com.intellij.java misses optional descriptor profiler-java.xml 
2020-05-05 15:25:29,287 [   1194]   INFO - llij.ide.plugins.PluginManager - Loaded bundled plugins: IDEA CORE (201.6668.121), com.intellij.platform.images (201.6668.121), JetBrains Repository Search (201.6668.121), Subversion (201.6668.121), XPathView + XSLT (201.6668.121), XSLT Debugger (201.6668.121), Smali Support (201.6668.121), Configuration Script (201.6668.121), Copyright (201.6668.121), Java (201.6668.121), Bytecode Viewer (201.6668.121), Git (201.6668.121), ChangeReminder (201.6668.121), Next File Prediction (201.6668.121), JUnit (201.6668.121), Task Management (201.6668.121), GitHub (201.6668.121), IntelliLang (201.6668.121), TestNG (201.6668.121), Code Coverage for Java (201.6668.121), Markdown (201.6668.121), Java IDE Customization (201.6668.121), Java Stream Debugger (201.6668.121), Eclipse Interoperability (201.6668.121), Java Bytecode Decompiler (201.6668.121), Gradle (201.6668.121), macOS Light Theme (201.6668.121), Windows 10 Light Theme (201.6668.121), Properties (201.6668.121), Ant (201.6668.121), Groovy (201.6668.121), Maven (201.6668.121), Gradle-Java (201.6668.121), Gradle-Maven (201.6668.121), Java Internationalization (201.6668.121), Kotlin (1.3.71-release-IJ2020.1-1), UI Designer (201.6668.121), Plugin DevKit (201.6668.121), JavaFX (201.6668.121), Resource Bundle Editor (201.6668.121), Machine Learning Code Completion (201.6668.121), Mercurial (201.6668.121), EditorConfig (201.6668.121), Terminal (201.6668.121), Android (10.3.6 RC 1), Shell Script (201.6668.121), TextMate bundles (201.6668.121), YAML (201.6668.121), Grazie (201.6668.121), Settings Repository (201.6668.121) 
2020-05-05 15:25:29,287 [   1194]   INFO - llij.ide.plugins.PluginManager - Loaded custom plugins: Gradianto (3.9) 
2020-05-05 15:25:29,773 [   1680]   INFO - ellij.util.io.PagedFileStorage - lower=100; upper=492; buffer=10; max=492 
2020-05-05 15:25:29,782 [   1689]   INFO - tellij.util.io.FileChannelUtil - un-interruptible FileChannel-s will be used for indexes 
2020-05-05 15:25:29,941 [   1848]   WARN - j.internal.DebugAttachDetector - Unable to start DebugAttachDetector, please add `--add-exports java.base/jdk.internal.vm=ALL-UNNAMED` to VM options 
2020-05-05 15:25:30,010 [   1917]   INFO - rains.ide.BuiltInServerManager - built-in server started, port 63343 
2020-05-05 15:25:30,212 [   2119]   INFO - til.net.ssl.CertificateManager - Default SSL context initialized 
2020-05-05 15:25:30,223 [   2130]   INFO -                         STDOUT - Starting searchable options index builder 
2020-05-05 15:25:30,677 [   2584]   INFO - penapi.application.Experiments - Experimental features enabled for user: wsl.p9.support, wsl.p9.show.roots.in.file.chooser, inline.browse.button, linux.native.menu, recent.and.edited.files.together, show.create.new.element.in.popup, copy.reference.popup, new.large.text.file.viewer, property.value.inplace.editing 
2020-05-05 15:25:30,766 [   2673]   INFO - leBasedIndexDataInitialization - Initialization done: 669 
2020-05-05 15:25:30,860 [   2767]   WARN - ConfigurableExtensionPointUtil - ignore deprecated groupId: language for id: preferences.language.Kotlin.scripting 
2020-05-05 15:25:30,876 [   2783]   INFO - exImpl$StubIndexInitialization - Initialization done: 110 
2020-05-05 15:25:31,549 [   3456]   WARN - nSystem.impl.ActionManagerImpl - keymap "Xcode" not found [Plugin: com.intellij] 
2020-05-05 15:25:32,687 [   4594]   INFO - pl.local.NativeFileWatcherImpl - Native file watcher is disabled 
2020-05-05 15:25:32,842 [   4749]   INFO - CompilerWorkspaceConfiguration - Available processors: 4 
2020-05-05 15:25:33,692 [   5599]   WARN - Container.ComponentManagerImpl - Do not use constructor injection (requestorClass=com.android.tools.idea.sdk.AndroidSdks) 
2020-05-05 15:25:35,575 [   7482]   INFO - com.intellij.ide.ui.UISettings - Loaded: fontSize=13, fontScale=1.0; restored: fontSize=13, fontScale=1.0 
2020-05-05 15:25:41,363 [  13270]   INFO - ateSettings.impl.UpdateChecker - failed to load plugin descriptions from : Malformed URL:  
2020-05-05 15:25:41,437 [  13344]   INFO - gins.PluginManagerConfigurable -  
java.net.MalformedURLException: Malformed URL: 
	at com.intellij.util.Urls.newFromEncoded(Urls.kt:63)
	at com.intellij.ide.plugins.RepositoryHelper.loadPlugins(RepositoryHelper.java:101)
	at com.intellij.ide.plugins.RepositoryHelper.loadPlugins(RepositoryHelper.java:86)
	at com.intellij.ide.plugins.PluginManagerConfigurable.loadRepositoryPlugins(PluginManagerConfigurable.java:1549)
	at com.intellij.ide.plugins.PluginManagerConfigurable.access$2000(PluginManagerConfigurable.java:73)
	at com.intellij.ide.plugins.PluginManagerConfigurable$7.lambda$createPluginsPanel$3(PluginManagerConfigurable.java:382)
	at com.intellij.util.RunnableCallable.call(RunnableCallable.java:20)
	at com.intellij.util.RunnableCallable.call(RunnableCallable.java:11)
	at com.intellij.openapi.application.impl.ApplicationImpl$1.call(ApplicationImpl.java:255)
	at java.base/java.util.concurrent.FutureTask.run(FutureTask.java:264)
	at java.base/java.util.concurrent.ThreadPoolExecutor.runWorker(ThreadPoolExecutor.java:1128)
	at java.base/java.util.concurrent.ThreadPoolExecutor$Worker.run(ThreadPoolExecutor.java:628)
	at java.base/java.lang.Thread.run(Thread.java:834)
2020-05-05 15:25:43,578 [  15485]   INFO - leScriptDefinitionsContributor - [kts] error loading gradle script templates: Project 'Default (Template) Project' isn't linked with Gradle 
2020-05-05 15:25:43,584 [  15491]   INFO - leScriptDefinitionsContributor - [kts] error loading gradle script templates: Project 'Default (Template) Project' isn't linked with Gradle 
2020-05-05 15:25:43,585 [  15492]   INFO - leScriptDefinitionsContributor - [kts] error loading gradle script templates: Project 'Default (Template) Project' isn't linked with Gradle 
2020-05-05 15:25:44,770 [  16677]   INFO -   #com.intellij.util.Restarter - not supported: not a bundle: /Users/thvardhan/.gradle/caches/modules-2/files-2.1/com.jetbrains.intellij.idea/ideaIC/2020.1/cbeeb1f1aebd4c9ea8fb5ab990c5904a676fc41a/ideaIC-2020.1 
2020-05-05 15:25:46,149 [  18056]   INFO -                         STDOUT - Searchable options index builder completed 
2020-05-05 15:25:46,275 [  18182]   INFO - org.jetbrains.io.BuiltInServer - web server stopped 
2020-05-05 15:25:46,286 [  18193]  ERROR - tellij.openapi.util.ObjectTree - Already shutdown 
java.util.concurrent.RejectedExecutionException: Already shutdown
	at com.intellij.util.concurrency.BoundedTaskExecutor.execute(BoundedTaskExecutor.java:133)
	at java.base/java.util.concurrent.AbstractExecutorService.submit(AbstractExecutorService.java:118)
	at com.intellij.openapi.vfs.impl.local.FileWatcher.setWatchRoots(FileWatcher.java:165)
	at com.intellij.openapi.vfs.impl.local.WatchRootsManager.updateFileWatcher(WatchRootsManager.java:151)
	at com.intellij.openapi.vfs.impl.local.WatchRootsManager.replaceWatchedRoots(WatchRootsManager.java:75)
	at com.intellij.openapi.vfs.impl.local.LocalFileSystemImpl.replaceWatchedRoots(LocalFileSystemImpl.java:135)
	at com.intellij.openapi.vfs.LocalFileSystem.removeWatchedRoots(LocalFileSystem.java:91)
	at com.intellij.compiler.CompilerManagerImpl.lambda$new$0(CompilerManagerImpl.java:103)
	at com.intellij.openapi.util.ObjectNode.lambda$execute$0(ObjectNode.java:111)
	at com.intellij.openapi.util.ObjectTree.executeActionWithRecursiveGuard(ObjectTree.java:184)
	at com.intellij.openapi.util.ObjectNode.execute(ObjectNode.java:71)
	at com.intellij.openapi.util.ObjectNode.lambda$execute$0(ObjectNode.java:95)
	at com.intellij.openapi.util.ObjectTree.executeActionWithRecursiveGuard(ObjectTree.java:184)
	at com.intellij.openapi.util.ObjectNode.execute(ObjectNode.java:71)
	at com.intellij.openapi.util.ObjectTree.executeAll(ObjectTree.java:134)
	at com.intellij.openapi.util.Disposer.dispose(Disposer.java:116)
	at com.intellij.openapi.util.Disposer.dispose(Disposer.java:106)
	at com.intellij.openapi.project.impl.ProjectManagerImpl.dispose(ProjectManagerImpl.java:168)
	at com.intellij.openapi.util.ObjectNode.lambda$execute$0(ObjectNode.java:111)
	at com.intellij.openapi.util.ObjectTree.executeActionWithRecursiveGuard(ObjectTree.java:184)
	at com.intellij.openapi.util.ObjectNode.execute(ObjectNode.java:71)
	at com.intellij.openapi.util.ObjectNode.lambda$execute$0(ObjectNode.java:95)
	at com.intellij.openapi.util.ObjectTree.executeActionWithRecursiveGuard(ObjectTree.java:184)
	at com.intellij.openapi.util.ObjectNode.execute(ObjectNode.java:71)
	at com.intellij.openapi.util.ObjectTree.executeAll(ObjectTree.java:134)
	at com.intellij.openapi.util.Disposer.dispose(Disposer.java:116)
	at com.intellij.openapi.util.Disposer.dispose(Disposer.java:106)
	at com.intellij.serviceContainer.ComponentManagerImpl.dispose(ComponentManagerImpl.kt:846)
	at com.intellij.openapi.application.impl.ApplicationImpl.dispose(ApplicationImpl.java:350)
	at com.intellij.openapi.util.ObjectNode.lambda$execute$0(ObjectNode.java:111)
	at com.intellij.openapi.util.ObjectTree.executeActionWithRecursiveGuard(ObjectTree.java:184)
	at com.intellij.openapi.util.ObjectNode.execute(ObjectNode.java:71)
	at com.intellij.openapi.util.ObjectTree.executeAll(ObjectTree.java:134)
	at com.intellij.openapi.util.Disposer.dispose(Disposer.java:116)
	at com.intellij.openapi.util.Disposer.dispose(Disposer.java:106)
	at com.intellij.openapi.application.impl.ApplicationImpl.lambda$disposeContainer$3(ApplicationImpl.java:181)
	at com.intellij.openapi.application.impl.ApplicationImpl.runWriteAction(ApplicationImpl.java:976)
	at com.intellij.openapi.application.impl.ApplicationImpl.disposeContainer(ApplicationImpl.java:179)
	at com.intellij.openapi.application.impl.ApplicationImpl.disposeSelf(ApplicationImpl.java:200)
	at com.intellij.openapi.application.impl.ApplicationImpl.doExit(ApplicationImpl.java:621)
	at com.intellij.openapi.application.impl.ApplicationImpl.exit(ApplicationImpl.java:589)
	at com.intellij.openapi.application.impl.ApplicationImpl.exit(ApplicationImpl.java:578)
	at com.intellij.ide.ui.search.TraverseUIStarter.main(TraverseUIStarter.java:81)
	at com.intellij.openapi.application.ApplicationStarter.main(ApplicationStarter.java:62)
	at com.intellij.idea.ApplicationLoader$startApp$8$1$1.run(ApplicationLoader.kt:228)
	at com.intellij.openapi.application.TransactionGuardImpl.performUserActivity(TransactionGuardImpl.java:94)
	at com.intellij.idea.ApplicationLoader$startApp$8$1.run(ApplicationLoader.kt:227)
	at com.intellij.openapi.application.TransactionGuardImpl$2.run(TransactionGuardImpl.java:201)
	at com.intellij.openapi.application.impl.ApplicationImpl.runIntendedWriteActionOnCurrentThread(ApplicationImpl.java:831)
	at com.intellij.openapi.application.impl.ApplicationImpl.lambda$invokeLater$4(ApplicationImpl.java:310)
	at com.intellij.openapi.application.impl.FlushQueue.doRun(FlushQueue.java:80)
	at com.intellij.openapi.application.impl.FlushQueue.runNextEvent(FlushQueue.java:128)
	at com.intellij.openapi.application.impl.FlushQueue.flushNow(FlushQueue.java:46)
	at com.intellij.openapi.application.impl.FlushQueue$FlushNow.run(FlushQueue.java:184)
	at java.desktop/java.awt.event.InvocationEvent.dispatch(InvocationEvent.java:313)
	at java.desktop/java.awt.EventQueue.dispatchEventImpl(EventQueue.java:776)
	at java.desktop/java.awt.EventQueue$4.run(EventQueue.java:727)
	at java.desktop/java.awt.EventQueue$4.run(EventQueue.java:721)
	at java.base/java.security.AccessController.doPrivileged(Native Method)
	at java.base/java.security.ProtectionDomain$JavaSecurityAccessImpl.doIntersectionPrivilege(ProtectionDomain.java:85)
	at java.desktop/java.awt.EventQueue.dispatchEvent(EventQueue.java:746)
	at com.intellij.ide.IdeEventQueue.defaultDispatchEvent(IdeEventQueue.java:974)
	at com.intellij.ide.IdeEventQueue._dispatchEvent(IdeEventQueue.java:847)
	at com.intellij.ide.IdeEventQueue.lambda$null$8(IdeEventQueue.java:449)
	at com.intellij.openapi.progress.impl.CoreProgressManager.computePrioritized(CoreProgressManager.java:739)
	at com.intellij.ide.IdeEventQueue.lambda$dispatchEvent$9(IdeEventQueue.java:448)
	at com.intellij.openapi.application.impl.ApplicationImpl.runIntendedWriteActionOnCurrentThread(ApplicationImpl.java:831)
	at com.intellij.ide.IdeEventQueue.dispatchEvent(IdeEventQueue.java:496)
	at java.desktop/java.awt.EventDispatchThread.pumpOneEventForFilters(EventDispatchThread.java:203)
	at java.desktop/java.awt.EventDispatchThread.pumpEventsForFilter(EventDispatchThread.java:124)
	at java.desktop/java.awt.EventDispatchThread.pumpEventsForHierarchy(EventDispatchThread.java:113)
	at java.desktop/java.awt.EventDispatchThread.pumpEvents(EventDispatchThread.java:109)
	at java.desktop/java.awt.EventDispatchThread.pumpEvents(EventDispatchThread.java:101)
	at java.desktop/java.awt.EventDispatchThread.run(EventDispatchThread.java:90)
2020-05-05 15:25:46,287 [  18194]  ERROR - tellij.openapi.util.ObjectTree - IntelliJ IDEA 2020.1  Build #IC-201.6668.121 
2020-05-05 15:25:46,287 [  18194]  ERROR - tellij.openapi.util.ObjectTree - JDK: 11.0.6; VM: OpenJDK 64-Bit Server VM; Vendor: JetBrains s.r.o 
2020-05-05 15:25:46,287 [  18194]  ERROR - tellij.openapi.util.ObjectTree - OS: Mac OS X 
2020-05-05 15:25:46,287 [  18194]   INFO - Types.impl.FileTypeManagerImpl - 0 auto-detected files. Detection took 0 ms 
2020-05-05 15:25:46,287 [  18194]   INFO - il.indexing.FileBasedIndexImpl - START INDEX SHUTDOWN 
2020-05-05 15:25:46,363 [  18270]   INFO - tellij.psi.stubs.StubIndexImpl - StubIndexExtension-s were unloaded 
2020-05-05 15:25:46,365 [  18272]   INFO - il.indexing.FileBasedIndexImpl - END INDEX SHUTDOWN 
2020-05-05 15:25:46,365 [  18272]   INFO - newvfs.persistent.PersistentFS - VFS dispose started 
2020-05-05 15:25:46,366 [  18273]   INFO - newvfs.persistent.PersistentFS - VFS dispose completed 
2020-05-05 15:25:46,922 [  18829]   INFO - stubs.SerializationManagerImpl - START StubSerializationManager SHUTDOWN 
2020-05-05 15:25:46,923 [  18830]   INFO - stubs.SerializationManagerImpl - END StubSerializationManager SHUTDOWN 
2020-05-05 15:25:46,925 [  18832]   INFO - plication.impl.ApplicationImpl - Write action Statistics:
Event number:     0
Total time spent: 0ms
Average duration: 0ms
Median  duration: 0ms
Max     duration: 0ms (it was 'null') 
2020-05-05 15:25:46,925 [  18832]   INFO - plication.impl.ApplicationImpl - AnAction.update() Statistics:
Event number:     0
Total time spent: 0ms
Average duration: 0ms
Median  duration: 0ms
Max     duration: 0ms (it was 'null') 
2020-05-05 15:25:46,926 [  18833]   INFO - plication.impl.ApplicationImpl - Global instance threads created counter = 7; ProcessIOExecutorService threads: 0 
2020-05-05 15:25:46,926 [  18833]   INFO -        #com.intellij.idea.Main - ------------------------------------------------------ IDE SHUTDOWN ------------------------------------------------------ 
2020-05-05 15:25:46,927 [  18834]   INFO - org.jetbrains.io.BuiltInServer - web server stopped 
2020-05-05 15:28:37,504 [      0]   INFO -        #com.intellij.idea.Main - ------------------------------------------------------ IDE STARTED ------------------------------------------------------ 
2020-05-05 15:28:37,542 [     38]   INFO - ntellij.idea.ApplicationLoader - CPU cores: 4; ForkJoinPool.commonPool: java.util.concurrent.ForkJoinPool@79e2abe1[Running, parallelism = 4, size = 0, active = 0, running = 0, steals = 0, tasks = 0, submissions = 0]; factory: com.intellij.concurrency.IdeaForkJoinWorkerThreadFactory@5d0edb96 
2020-05-05 15:28:38,186 [    682]   INFO -        #com.intellij.idea.Main - JNA library (64-bit) loaded in 660 ms 
2020-05-05 15:28:38,197 [    693]   INFO -        #com.intellij.idea.Main - IDE: IntelliJ IDEA (build #IC-201.6668.121, 08 Apr 2020 20:39) 
2020-05-05 15:28:38,197 [    693]   INFO -        #com.intellij.idea.Main - OS: Mac OS X (10.15.4, x86_64) 
2020-05-05 15:28:38,197 [    693]   INFO -        #com.intellij.idea.Main - JRE: 11.0.6+8-b765.25 (JetBrains s.r.o) 
2020-05-05 15:28:38,197 [    693]   INFO -        #com.intellij.idea.Main - JVM: 11.0.6+8-b765.25 (OpenJDK 64-Bit Server VM) 
2020-05-05 15:28:38,198 [    694]   INFO -        #com.intellij.idea.Main - JVM Args: -Dapple.awt.fileDialogForDirectories=true -Dapple.laf.useScreenMenuBar=true -Didea.auto.reload.plugins=true -Didea.classpath.index.enabled=false -Didea.config.path=/Users/thvardhan/IdeaProjects/Gradianto/build/idea-sandbox/config -Didea.is.internal=true -Didea.platform.prefix=Idea -Didea.plugins.path=/Users/thvardhan/IdeaProjects/Gradianto/build/idea-sandbox/plugins -Didea.required.plugins.id=com.thvardhan.gradianto -Didea.smooth.progress=false -Didea.system.path=/Users/thvardhan/IdeaProjects/Gradianto/build/idea-sandbox/system -Xms256m -Xmx512m -Dfile.encoding=UTF-8 -Duser.country=GB -Duser.language=en -Duser.variant -ea 
2020-05-05 15:28:38,198 [    694]   INFO -        #com.intellij.idea.Main - Locale=en_GB JNU=UTF-8 file.encoding=UTF-8 
2020-05-05 15:28:38,723 [   1219]   INFO - llij.ide.plugins.PluginManager - Plugin com.intellij.java misses optional descriptor profiler-java.xml 
2020-05-05 15:28:38,746 [   1242]   INFO - llij.ide.plugins.PluginManager - Plugin org.intellij.groovy misses optional descriptor duplicates-groovy.xml 
2020-05-05 15:28:38,750 [   1246]   INFO - llij.ide.plugins.PluginManager - Plugin org.intellij.groovy misses optional descriptor duplicates-detection-groovy.xml 
2020-05-05 15:28:38,796 [   1292]   INFO - llij.ide.plugins.PluginManager - Loaded bundled plugins: IDEA CORE (201.6668.121), com.intellij.platform.images (201.6668.121), JetBrains Repository Search (201.6668.121), Subversion (201.6668.121), XPathView + XSLT (201.6668.121), XSLT Debugger (201.6668.121), Smali Support (201.6668.121), Configuration Script (201.6668.121), Copyright (201.6668.121), Java (201.6668.121), Bytecode Viewer (201.6668.121), Git (201.6668.121), ChangeReminder (201.6668.121), Next File Prediction (201.6668.121), JUnit (201.6668.121), Task Management (201.6668.121), GitHub (201.6668.121), IntelliLang (201.6668.121), TestNG (201.6668.121), Code Coverage for Java (201.6668.121), Markdown (201.6668.121), Java IDE Customization (201.6668.121), Java Stream Debugger (201.6668.121), Eclipse Interoperability (201.6668.121), Java Bytecode Decompiler (201.6668.121), Gradle (201.6668.121), macOS Light Theme (201.6668.121), Windows 10 Light Theme (201.6668.121), Properties (201.6668.121), Ant (201.6668.121), Groovy (201.6668.121), Maven (201.6668.121), Gradle-Java (201.6668.121), Gradle-Maven (201.6668.121), Java Internationalization (201.6668.121), Kotlin (1.3.71-release-IJ2020.1-1), UI Designer (201.6668.121), Plugin DevKit (201.6668.121), JavaFX (201.6668.121), Resource Bundle Editor (201.6668.121), Machine Learning Code Completion (201.6668.121), Mercurial (201.6668.121), EditorConfig (201.6668.121), Terminal (201.6668.121), Android (10.3.6 RC 1), Shell Script (201.6668.121), TextMate bundles (201.6668.121), YAML (201.6668.121), Grazie (201.6668.121), Settings Repository (201.6668.121) 
2020-05-05 15:28:38,796 [   1292]   INFO - llij.ide.plugins.PluginManager - Loaded custom plugins: Gradianto (3.9) 
2020-05-05 15:28:39,239 [   1735]   INFO - ellij.util.io.PagedFileStorage - lower=100; upper=492; buffer=10; max=492 
2020-05-05 15:28:39,260 [   1756]   INFO - tellij.util.io.FileChannelUtil - un-interruptible FileChannel-s will be used for indexes 
2020-05-05 15:28:39,330 [   1826]   WARN - j.internal.DebugAttachDetector - Unable to start DebugAttachDetector, please add `--add-exports java.base/jdk.internal.vm=ALL-UNNAMED` to VM options 
2020-05-05 15:28:39,364 [   1860]   INFO - rains.ide.BuiltInServerManager - built-in server started, port 63343 
2020-05-05 15:28:39,502 [   1998]   INFO - til.net.ssl.CertificateManager - Default SSL context initialized 
2020-05-05 15:28:39,534 [   2030]   INFO -                         STDOUT - Starting searchable options index builder 
2020-05-05 15:28:39,918 [   2414]   INFO - penapi.application.Experiments - Experimental features enabled for user: wsl.p9.support, wsl.p9.show.roots.in.file.chooser, inline.browse.button, linux.native.menu, recent.and.edited.files.together, show.create.new.element.in.popup, copy.reference.popup, new.large.text.file.viewer, property.value.inplace.editing 
2020-05-05 15:28:40,026 [   2522]   WARN - ConfigurableExtensionPointUtil - ignore deprecated groupId: language for id: preferences.language.Kotlin.scripting 
2020-05-05 15:28:40,036 [   2532]   INFO - leBasedIndexDataInitialization - Initialization done: 610 
2020-05-05 15:28:40,142 [   2638]   INFO - exImpl$StubIndexInitialization - Initialization done: 106 
2020-05-05 15:28:40,566 [   3062]   WARN - nSystem.impl.ActionManagerImpl - keymap "Xcode" not found [Plugin: com.intellij] 
2020-05-05 15:28:41,414 [   3910]   INFO - pl.local.NativeFileWatcherImpl - Native file watcher is disabled 
2020-05-05 15:28:41,512 [   4008]   INFO - CompilerWorkspaceConfiguration - Available processors: 4 
2020-05-05 15:28:42,122 [   4618]   WARN - Container.ComponentManagerImpl - Do not use constructor injection (requestorClass=com.android.tools.idea.sdk.AndroidSdks) 
2020-05-05 15:28:43,312 [   5808]   INFO - com.intellij.ide.ui.UISettings - Loaded: fontSize=13, fontScale=1.0; restored: fontSize=13, fontScale=1.0 
2020-05-05 15:28:47,547 [  10043]   INFO - ateSettings.impl.UpdateChecker - failed to load plugin descriptions from : Malformed URL:  
2020-05-05 15:28:47,596 [  10092]   INFO - gins.PluginManagerConfigurable -  
java.net.MalformedURLException: Malformed URL: 
	at com.intellij.util.Urls.newFromEncoded(Urls.kt:63)
	at com.intellij.ide.plugins.RepositoryHelper.loadPlugins(RepositoryHelper.java:101)
	at com.intellij.ide.plugins.RepositoryHelper.loadPlugins(RepositoryHelper.java:86)
	at com.intellij.ide.plugins.PluginManagerConfigurable.loadRepositoryPlugins(PluginManagerConfigurable.java:1549)
	at com.intellij.ide.plugins.PluginManagerConfigurable.access$2000(PluginManagerConfigurable.java:73)
	at com.intellij.ide.plugins.PluginManagerConfigurable$7.lambda$createPluginsPanel$3(PluginManagerConfigurable.java:382)
	at com.intellij.util.RunnableCallable.call(RunnableCallable.java:20)
	at com.intellij.util.RunnableCallable.call(RunnableCallable.java:11)
	at com.intellij.openapi.application.impl.ApplicationImpl$1.call(ApplicationImpl.java:255)
	at java.base/java.util.concurrent.FutureTask.run(FutureTask.java:264)
	at java.base/java.util.concurrent.ThreadPoolExecutor.runWorker(ThreadPoolExecutor.java:1128)
	at java.base/java.util.concurrent.ThreadPoolExecutor$Worker.run(ThreadPoolExecutor.java:628)
	at java.base/java.lang.Thread.run(Thread.java:834)
2020-05-05 15:28:49,347 [  11843]   INFO - leScriptDefinitionsContributor - [kts] error loading gradle script templates: Project 'Default (Template) Project' isn't linked with Gradle 
2020-05-05 15:28:49,354 [  11850]   INFO - leScriptDefinitionsContributor - [kts] error loading gradle script templates: Project 'Default (Template) Project' isn't linked with Gradle 
2020-05-05 15:28:49,354 [  11850]   INFO - leScriptDefinitionsContributor - [kts] error loading gradle script templates: Project 'Default (Template) Project' isn't linked with Gradle 
2020-05-05 15:28:50,306 [  12802]   INFO -   #com.intellij.util.Restarter - not supported: not a bundle: /Users/thvardhan/.gradle/caches/modules-2/files-2.1/com.jetbrains.intellij.idea/ideaIC/2020.1/cbeeb1f1aebd4c9ea8fb5ab990c5904a676fc41a/ideaIC-2020.1 
2020-05-05 15:28:51,468 [  13964]   INFO -                         STDOUT - Searchable options index builder completed 
2020-05-05 15:28:51,648 [  14144]   INFO - org.jetbrains.io.BuiltInServer - web server stopped 
2020-05-05 15:28:51,659 [  14155]  ERROR - tellij.openapi.util.ObjectTree - Already shutdown 
java.util.concurrent.RejectedExecutionException: Already shutdown
	at com.intellij.util.concurrency.BoundedTaskExecutor.execute(BoundedTaskExecutor.java:133)
	at java.base/java.util.concurrent.AbstractExecutorService.submit(AbstractExecutorService.java:118)
	at com.intellij.openapi.vfs.impl.local.FileWatcher.setWatchRoots(FileWatcher.java:165)
	at com.intellij.openapi.vfs.impl.local.WatchRootsManager.updateFileWatcher(WatchRootsManager.java:151)
	at com.intellij.openapi.vfs.impl.local.WatchRootsManager.replaceWatchedRoots(WatchRootsManager.java:75)
	at com.intellij.openapi.vfs.impl.local.LocalFileSystemImpl.replaceWatchedRoots(LocalFileSystemImpl.java:135)
	at com.intellij.openapi.vfs.LocalFileSystem.removeWatchedRoots(LocalFileSystem.java:91)
	at com.intellij.compiler.CompilerManagerImpl.lambda$new$0(CompilerManagerImpl.java:103)
	at com.intellij.openapi.util.ObjectNode.lambda$execute$0(ObjectNode.java:111)
	at com.intellij.openapi.util.ObjectTree.executeActionWithRecursiveGuard(ObjectTree.java:184)
	at com.intellij.openapi.util.ObjectNode.execute(ObjectNode.java:71)
	at com.intellij.openapi.util.ObjectNode.lambda$execute$0(ObjectNode.java:95)
	at com.intellij.openapi.util.ObjectTree.executeActionWithRecursiveGuard(ObjectTree.java:184)
	at com.intellij.openapi.util.ObjectNode.execute(ObjectNode.java:71)
	at com.intellij.openapi.util.ObjectTree.executeAll(ObjectTree.java:134)
	at com.intellij.openapi.util.Disposer.dispose(Disposer.java:116)
	at com.intellij.openapi.util.Disposer.dispose(Disposer.java:106)
	at com.intellij.openapi.project.impl.ProjectManagerImpl.dispose(ProjectManagerImpl.java:168)
	at com.intellij.openapi.util.ObjectNode.lambda$execute$0(ObjectNode.java:111)
	at com.intellij.openapi.util.ObjectTree.executeActionWithRecursiveGuard(ObjectTree.java:184)
	at com.intellij.openapi.util.ObjectNode.execute(ObjectNode.java:71)
	at com.intellij.openapi.util.ObjectNode.lambda$execute$0(ObjectNode.java:95)
	at com.intellij.openapi.util.ObjectTree.executeActionWithRecursiveGuard(ObjectTree.java:184)
	at com.intellij.openapi.util.ObjectNode.execute(ObjectNode.java:71)
	at com.intellij.openapi.util.ObjectTree.executeAll(ObjectTree.java:134)
	at com.intellij.openapi.util.Disposer.dispose(Disposer.java:116)
	at com.intellij.openapi.util.Disposer.dispose(Disposer.java:106)
	at com.intellij.serviceContainer.ComponentManagerImpl.dispose(ComponentManagerImpl.kt:846)
	at com.intellij.openapi.application.impl.ApplicationImpl.dispose(ApplicationImpl.java:350)
	at com.intellij.openapi.util.ObjectNode.lambda$execute$0(ObjectNode.java:111)
	at com.intellij.openapi.util.ObjectTree.executeActionWithRecursiveGuard(ObjectTree.java:184)
	at com.intellij.openapi.util.ObjectNode.execute(ObjectNode.java:71)
	at com.intellij.openapi.util.ObjectTree.executeAll(ObjectTree.java:134)
	at com.intellij.openapi.util.Disposer.dispose(Disposer.java:116)
	at com.intellij.openapi.util.Disposer.dispose(Disposer.java:106)
	at com.intellij.openapi.application.impl.ApplicationImpl.lambda$disposeContainer$3(ApplicationImpl.java:181)
	at com.intellij.openapi.application.impl.ApplicationImpl.runWriteAction(ApplicationImpl.java:976)
	at com.intellij.openapi.application.impl.ApplicationImpl.disposeContainer(ApplicationImpl.java:179)
	at com.intellij.openapi.application.impl.ApplicationImpl.disposeSelf(ApplicationImpl.java:200)
	at com.intellij.openapi.application.impl.ApplicationImpl.doExit(ApplicationImpl.java:621)
	at com.intellij.openapi.application.impl.ApplicationImpl.exit(ApplicationImpl.java:589)
	at com.intellij.openapi.application.impl.ApplicationImpl.exit(ApplicationImpl.java:578)
	at com.intellij.ide.ui.search.TraverseUIStarter.main(TraverseUIStarter.java:81)
	at com.intellij.openapi.application.ApplicationStarter.main(ApplicationStarter.java:62)
	at com.intellij.idea.ApplicationLoader$startApp$8$1$1.run(ApplicationLoader.kt:228)
	at com.intellij.openapi.application.TransactionGuardImpl.performUserActivity(TransactionGuardImpl.java:94)
	at com.intellij.idea.ApplicationLoader$startApp$8$1.run(ApplicationLoader.kt:227)
	at com.intellij.openapi.application.TransactionGuardImpl$2.run(TransactionGuardImpl.java:201)
	at com.intellij.openapi.application.impl.ApplicationImpl.runIntendedWriteActionOnCurrentThread(ApplicationImpl.java:831)
	at com.intellij.openapi.application.impl.ApplicationImpl.lambda$invokeLater$4(ApplicationImpl.java:310)
	at com.intellij.openapi.application.impl.FlushQueue.doRun(FlushQueue.java:80)
	at com.intellij.openapi.application.impl.FlushQueue.runNextEvent(FlushQueue.java:128)
	at com.intellij.openapi.application.impl.FlushQueue.flushNow(FlushQueue.java:46)
	at com.intellij.openapi.application.impl.FlushQueue$FlushNow.run(FlushQueue.java:184)
	at java.desktop/java.awt.event.InvocationEvent.dispatch(InvocationEvent.java:313)
	at java.desktop/java.awt.EventQueue.dispatchEventImpl(EventQueue.java:776)
	at java.desktop/java.awt.EventQueue$4.run(EventQueue.java:727)
	at java.desktop/java.awt.EventQueue$4.run(EventQueue.java:721)
	at java.base/java.security.AccessController.doPrivileged(Native Method)
	at java.base/java.security.ProtectionDomain$JavaSecurityAccessImpl.doIntersectionPrivilege(ProtectionDomain.java:85)
	at java.desktop/java.awt.EventQueue.dispatchEvent(EventQueue.java:746)
	at com.intellij.ide.IdeEventQueue.defaultDispatchEvent(IdeEventQueue.java:974)
	at com.intellij.ide.IdeEventQueue._dispatchEvent(IdeEventQueue.java:847)
	at com.intellij.ide.IdeEventQueue.lambda$null$8(IdeEventQueue.java:449)
	at com.intellij.openapi.progress.impl.CoreProgressManager.computePrioritized(CoreProgressManager.java:739)
	at com.intellij.ide.IdeEventQueue.lambda$dispatchEvent$9(IdeEventQueue.java:448)
	at com.intellij.openapi.application.impl.ApplicationImpl.runIntendedWriteActionOnCurrentThread(ApplicationImpl.java:831)
	at com.intellij.ide.IdeEventQueue.dispatchEvent(IdeEventQueue.java:496)
	at java.desktop/java.awt.EventDispatchThread.pumpOneEventForFilters(EventDispatchThread.java:203)
	at java.desktop/java.awt.EventDispatchThread.pumpEventsForFilter(EventDispatchThread.java:124)
	at java.desktop/java.awt.EventDispatchThread.pumpEventsForHierarchy(EventDispatchThread.java:113)
	at java.desktop/java.awt.EventDispatchThread.pumpEvents(EventDispatchThread.java:109)
	at java.desktop/java.awt.EventDispatchThread.pumpEvents(EventDispatchThread.java:101)
	at java.desktop/java.awt.EventDispatchThread.run(EventDispatchThread.java:90)
2020-05-05 15:28:51,681 [  14177]  ERROR - tellij.openapi.util.ObjectTree - IntelliJ IDEA 2020.1  Build #IC-201.6668.121 
2020-05-05 15:28:51,681 [  14177]  ERROR - tellij.openapi.util.ObjectTree - JDK: 11.0.6; VM: OpenJDK 64-Bit Server VM; Vendor: JetBrains s.r.o 
2020-05-05 15:28:51,681 [  14177]  ERROR - tellij.openapi.util.ObjectTree - OS: Mac OS X 
2020-05-05 15:28:51,682 [  14178]   INFO - Types.impl.FileTypeManagerImpl - 0 auto-detected files. Detection took 0 ms 
2020-05-05 15:28:51,682 [  14178]   INFO - il.indexing.FileBasedIndexImpl - START INDEX SHUTDOWN 
2020-05-05 15:28:51,827 [  14323]   INFO - tellij.psi.stubs.StubIndexImpl - StubIndexExtension-s were unloaded 
2020-05-05 15:28:51,833 [  14329]   INFO - il.indexing.FileBasedIndexImpl - END INDEX SHUTDOWN 
2020-05-05 15:28:51,833 [  14329]   INFO - newvfs.persistent.PersistentFS - VFS dispose started 
2020-05-05 15:28:51,836 [  14332]   INFO - newvfs.persistent.PersistentFS - VFS dispose completed 
2020-05-05 15:28:51,836 [  14332]   INFO - stubs.SerializationManagerImpl - START StubSerializationManager SHUTDOWN 
2020-05-05 15:28:51,837 [  14333]   INFO - stubs.SerializationManagerImpl - END StubSerializationManager SHUTDOWN 
2020-05-05 15:28:52,167 [  14663]   INFO - plication.impl.ApplicationImpl - Write action Statistics:
Event number:     0
Total time spent: 0ms
Average duration: 0ms
Median  duration: 0ms
Max     duration: 0ms (it was 'null') 
2020-05-05 15:28:52,168 [  14664]   INFO - plication.impl.ApplicationImpl - AnAction.update() Statistics:
Event number:     0
Total time spent: 0ms
Average duration: 0ms
Median  duration: 0ms
Max     duration: 0ms (it was 'null') 
2020-05-05 15:28:52,168 [  14664]   INFO - plication.impl.ApplicationImpl - Global instance threads created counter = 7; ProcessIOExecutorService threads: 0 
2020-05-05 15:28:52,168 [  14664]   INFO -        #com.intellij.idea.Main - ------------------------------------------------------ IDE SHUTDOWN ------------------------------------------------------ 
2020-05-05 15:28:52,171 [  14667]   INFO - org.jetbrains.io.BuiltInServer - web server stopped 
2020-05-05 15:35:46,530 [      0]   INFO -        #com.intellij.idea.Main - ------------------------------------------------------ IDE STARTED ------------------------------------------------------ 
2020-05-05 15:35:46,588 [     58]   INFO - ntellij.idea.ApplicationLoader - CPU cores: 4; ForkJoinPool.commonPool: java.util.concurrent.ForkJoinPool@7e9e87cb[Running, parallelism = 4, size = 0, active = 0, running = 0, steals = 0, tasks = 0, submissions = 0]; factory: com.intellij.concurrency.IdeaForkJoinWorkerThreadFactory@3ddc66ae 
2020-05-05 15:35:47,262 [    732]   INFO -        #com.intellij.idea.Main - JNA library (64-bit) loaded in 694 ms 
2020-05-05 15:35:47,276 [    746]   INFO -        #com.intellij.idea.Main - IDE: IntelliJ IDEA (build #IC-201.6668.121, 08 Apr 2020 20:39) 
2020-05-05 15:35:47,276 [    746]   INFO -        #com.intellij.idea.Main - OS: Mac OS X (10.15.4, x86_64) 
2020-05-05 15:35:47,276 [    746]   INFO -        #com.intellij.idea.Main - JRE: 11.0.6+8-b765.25 (JetBrains s.r.o) 
2020-05-05 15:35:47,276 [    746]   INFO -        #com.intellij.idea.Main - JVM: 11.0.6+8-b765.25 (OpenJDK 64-Bit Server VM) 
2020-05-05 15:35:47,277 [    747]   INFO -        #com.intellij.idea.Main - JVM Args: -Dapple.awt.fileDialogForDirectories=true -Dapple.laf.useScreenMenuBar=true -Didea.auto.reload.plugins=true -Didea.classpath.index.enabled=false -Didea.config.path=/Users/thvardhan/IdeaProjects/Gradianto/build/idea-sandbox/config -Didea.is.internal=true -Didea.platform.prefix=Idea -Didea.plugins.path=/Users/thvardhan/IdeaProjects/Gradianto/build/idea-sandbox/plugins -Didea.required.plugins.id=com.thvardhan.gradianto -Didea.smooth.progress=false -Didea.system.path=/Users/thvardhan/IdeaProjects/Gradianto/build/idea-sandbox/system -Xms256m -Xmx512m -Dfile.encoding=UTF-8 -Duser.country=GB -Duser.language=en -Duser.variant -ea 
2020-05-05 15:35:47,277 [    747]   INFO -        #com.intellij.idea.Main - Locale=en_GB JNU=UTF-8 file.encoding=UTF-8 
2020-05-05 15:35:48,135 [   1605]   INFO - llij.ide.plugins.PluginManager - Plugin com.intellij.java misses optional descriptor profiler-java.xml 
2020-05-05 15:35:48,295 [   1765]   INFO - llij.ide.plugins.PluginManager - Plugin org.intellij.groovy misses optional descriptor duplicates-groovy.xml 
2020-05-05 15:35:48,295 [   1765]   INFO - llij.ide.plugins.PluginManager - Plugin org.intellij.groovy misses optional descriptor duplicates-detection-groovy.xml 
2020-05-05 15:35:48,342 [   1812]   INFO - llij.ide.plugins.PluginManager - Loaded bundled plugins: IDEA CORE (201.6668.121), com.intellij.platform.images (201.6668.121), JetBrains Repository Search (201.6668.121), Subversion (201.6668.121), XPathView + XSLT (201.6668.121), XSLT Debugger (201.6668.121), Smali Support (201.6668.121), Configuration Script (201.6668.121), Copyright (201.6668.121), Java (201.6668.121), Bytecode Viewer (201.6668.121), Git (201.6668.121), ChangeReminder (201.6668.121), Next File Prediction (201.6668.121), JUnit (201.6668.121), Task Management (201.6668.121), GitHub (201.6668.121), IntelliLang (201.6668.121), TestNG (201.6668.121), Code Coverage for Java (201.6668.121), Markdown (201.6668.121), Java IDE Customization (201.6668.121), Java Stream Debugger (201.6668.121), Eclipse Interoperability (201.6668.121), Java Bytecode Decompiler (201.6668.121), Gradle (201.6668.121), macOS Light Theme (201.6668.121), Windows 10 Light Theme (201.6668.121), Properties (201.6668.121), Ant (201.6668.121), Groovy (201.6668.121), Maven (201.6668.121), Gradle-Java (201.6668.121), Gradle-Maven (201.6668.121), Java Internationalization (201.6668.121), Kotlin (1.3.71-release-IJ2020.1-1), UI Designer (201.6668.121), Plugin DevKit (201.6668.121), JavaFX (201.6668.121), Resource Bundle Editor (201.6668.121), Machine Learning Code Completion (201.6668.121), Mercurial (201.6668.121), EditorConfig (201.6668.121), Terminal (201.6668.121), Android (10.3.6 RC 1), Shell Script (201.6668.121), TextMate bundles (201.6668.121), YAML (201.6668.121), Grazie (201.6668.121), Settings Repository (201.6668.121) 
2020-05-05 15:35:48,342 [   1812]   INFO - llij.ide.plugins.PluginManager - Loaded custom plugins: Gradianto (3.9) 
2020-05-05 15:35:49,039 [   2509]   INFO - ellij.util.io.PagedFileStorage - lower=100; upper=492; buffer=10; max=492 
2020-05-05 15:35:49,053 [   2523]   INFO - tellij.util.io.FileChannelUtil - un-interruptible FileChannel-s will be used for indexes 
2020-05-05 15:35:49,229 [   2699]   WARN - j.internal.DebugAttachDetector - Unable to start DebugAttachDetector, please add `--add-exports java.base/jdk.internal.vm=ALL-UNNAMED` to VM options 
2020-05-05 15:35:49,250 [   2720]   INFO - rains.ide.BuiltInServerManager - built-in server started, port 63343 
2020-05-05 15:35:49,486 [   2956]   INFO - til.net.ssl.CertificateManager - Default SSL context initialized 
2020-05-05 15:35:49,511 [   2981]   INFO -                         STDOUT - Starting searchable options index builder 
2020-05-05 15:35:50,049 [   3519]   INFO - penapi.application.Experiments - Experimental features enabled for user: wsl.p9.support, wsl.p9.show.roots.in.file.chooser, inline.browse.button, linux.native.menu, recent.and.edited.files.together, show.create.new.element.in.popup, copy.reference.popup, new.large.text.file.viewer, property.value.inplace.editing 
2020-05-05 15:35:50,211 [   3681]   WARN - ConfigurableExtensionPointUtil - ignore deprecated groupId: language for id: preferences.language.Kotlin.scripting 
2020-05-05 15:35:50,379 [   3849]   INFO - leBasedIndexDataInitialization - Initialization done: 1041 
2020-05-05 15:35:50,629 [   4099]   INFO - exImpl$StubIndexInitialization - Initialization done: 249 
2020-05-05 15:35:51,057 [   4527]   WARN - nSystem.impl.ActionManagerImpl - keymap "Xcode" not found [Plugin: com.intellij] 
2020-05-05 15:35:52,263 [   5733]   INFO - pl.local.NativeFileWatcherImpl - Native file watcher is disabled 
2020-05-05 15:35:52,455 [   5925]   INFO - CompilerWorkspaceConfiguration - Available processors: 4 
2020-05-05 15:35:53,754 [   7224]   WARN - Container.ComponentManagerImpl - Do not use constructor injection (requestorClass=com.android.tools.idea.sdk.AndroidSdks) 
2020-05-05 15:35:55,498 [   8968]   INFO - com.intellij.ide.ui.UISettings - Loaded: fontSize=13, fontScale=1.0; restored: fontSize=13, fontScale=1.0 
2020-05-05 15:36:00,887 [  14357]   INFO - ateSettings.impl.UpdateChecker - failed to load plugin descriptions from : Malformed URL:  
2020-05-05 15:36:00,942 [  14412]   INFO - gins.PluginManagerConfigurable -  
java.net.MalformedURLException: Malformed URL: 
	at com.intellij.util.Urls.newFromEncoded(Urls.kt:63)
	at com.intellij.ide.plugins.RepositoryHelper.loadPlugins(RepositoryHelper.java:101)
	at com.intellij.ide.plugins.RepositoryHelper.loadPlugins(RepositoryHelper.java:86)
	at com.intellij.ide.plugins.PluginManagerConfigurable.loadRepositoryPlugins(PluginManagerConfigurable.java:1549)
	at com.intellij.ide.plugins.PluginManagerConfigurable.access$2000(PluginManagerConfigurable.java:73)
	at com.intellij.ide.plugins.PluginManagerConfigurable$7.lambda$createPluginsPanel$3(PluginManagerConfigurable.java:382)
	at com.intellij.util.RunnableCallable.call(RunnableCallable.java:20)
	at com.intellij.util.RunnableCallable.call(RunnableCallable.java:11)
	at com.intellij.openapi.application.impl.ApplicationImpl$1.call(ApplicationImpl.java:255)
	at java.base/java.util.concurrent.FutureTask.run(FutureTask.java:264)
	at java.base/java.util.concurrent.ThreadPoolExecutor.runWorker(ThreadPoolExecutor.java:1128)
	at java.base/java.util.concurrent.ThreadPoolExecutor$Worker.run(ThreadPoolExecutor.java:628)
	at java.base/java.lang.Thread.run(Thread.java:834)
2020-05-05 15:36:03,379 [  16849]   INFO - leScriptDefinitionsContributor - [kts] error loading gradle script templates: Project 'Default (Template) Project' isn't linked with Gradle 
2020-05-05 15:36:03,395 [  16865]   INFO - leScriptDefinitionsContributor - [kts] error loading gradle script templates: Project 'Default (Template) Project' isn't linked with Gradle 
2020-05-05 15:36:03,395 [  16865]   INFO - leScriptDefinitionsContributor - [kts] error loading gradle script templates: Project 'Default (Template) Project' isn't linked with Gradle 
2020-05-05 15:36:04,749 [  18219]   INFO -   #com.intellij.util.Restarter - not supported: not a bundle: /Users/thvardhan/.gradle/caches/modules-2/files-2.1/com.jetbrains.intellij.idea/ideaIC/2020.1/cbeeb1f1aebd4c9ea8fb5ab990c5904a676fc41a/ideaIC-2020.1 
2020-05-05 15:36:06,273 [  19743]   INFO -                         STDOUT - Searchable options index builder completed 
2020-05-05 15:36:06,378 [  19848]   INFO - org.jetbrains.io.BuiltInServer - web server stopped 
2020-05-05 15:36:06,391 [  19861]  ERROR - tellij.openapi.util.ObjectTree - Already shutdown 
java.util.concurrent.RejectedExecutionException: Already shutdown
	at com.intellij.util.concurrency.BoundedTaskExecutor.execute(BoundedTaskExecutor.java:133)
	at java.base/java.util.concurrent.AbstractExecutorService.submit(AbstractExecutorService.java:118)
	at com.intellij.openapi.vfs.impl.local.FileWatcher.setWatchRoots(FileWatcher.java:165)
	at com.intellij.openapi.vfs.impl.local.WatchRootsManager.updateFileWatcher(WatchRootsManager.java:151)
	at com.intellij.openapi.vfs.impl.local.WatchRootsManager.replaceWatchedRoots(WatchRootsManager.java:75)
	at com.intellij.openapi.vfs.impl.local.LocalFileSystemImpl.replaceWatchedRoots(LocalFileSystemImpl.java:135)
	at com.intellij.openapi.vfs.LocalFileSystem.removeWatchedRoots(LocalFileSystem.java:91)
	at com.intellij.compiler.CompilerManagerImpl.lambda$new$0(CompilerManagerImpl.java:103)
	at com.intellij.openapi.util.ObjectNode.lambda$execute$0(ObjectNode.java:111)
	at com.intellij.openapi.util.ObjectTree.executeActionWithRecursiveGuard(ObjectTree.java:184)
	at com.intellij.openapi.util.ObjectNode.execute(ObjectNode.java:71)
	at com.intellij.openapi.util.ObjectNode.lambda$execute$0(ObjectNode.java:95)
	at com.intellij.openapi.util.ObjectTree.executeActionWithRecursiveGuard(ObjectTree.java:184)
	at com.intellij.openapi.util.ObjectNode.execute(ObjectNode.java:71)
	at com.intellij.openapi.util.ObjectTree.executeAll(ObjectTree.java:134)
	at com.intellij.openapi.util.Disposer.dispose(Disposer.java:116)
	at com.intellij.openapi.util.Disposer.dispose(Disposer.java:106)
	at com.intellij.openapi.project.impl.ProjectManagerImpl.dispose(ProjectManagerImpl.java:168)
	at com.intellij.openapi.util.ObjectNode.lambda$execute$0(ObjectNode.java:111)
	at com.intellij.openapi.util.ObjectTree.executeActionWithRecursiveGuard(ObjectTree.java:184)
	at com.intellij.openapi.util.ObjectNode.execute(ObjectNode.java:71)
	at com.intellij.openapi.util.ObjectNode.lambda$execute$0(ObjectNode.java:95)
	at com.intellij.openapi.util.ObjectTree.executeActionWithRecursiveGuard(ObjectTree.java:184)
	at com.intellij.openapi.util.ObjectNode.execute(ObjectNode.java:71)
	at com.intellij.openapi.util.ObjectTree.executeAll(ObjectTree.java:134)
	at com.intellij.openapi.util.Disposer.dispose(Disposer.java:116)
	at com.intellij.openapi.util.Disposer.dispose(Disposer.java:106)
	at com.intellij.serviceContainer.ComponentManagerImpl.dispose(ComponentManagerImpl.kt:846)
	at com.intellij.openapi.application.impl.ApplicationImpl.dispose(ApplicationImpl.java:350)
	at com.intellij.openapi.util.ObjectNode.lambda$execute$0(ObjectNode.java:111)
	at com.intellij.openapi.util.ObjectTree.executeActionWithRecursiveGuard(ObjectTree.java:184)
	at com.intellij.openapi.util.ObjectNode.execute(ObjectNode.java:71)
	at com.intellij.openapi.util.ObjectTree.executeAll(ObjectTree.java:134)
	at com.intellij.openapi.util.Disposer.dispose(Disposer.java:116)
	at com.intellij.openapi.util.Disposer.dispose(Disposer.java:106)
	at com.intellij.openapi.application.impl.ApplicationImpl.lambda$disposeContainer$3(ApplicationImpl.java:181)
	at com.intellij.openapi.application.impl.ApplicationImpl.runWriteAction(ApplicationImpl.java:976)
	at com.intellij.openapi.application.impl.ApplicationImpl.disposeContainer(ApplicationImpl.java:179)
	at com.intellij.openapi.application.impl.ApplicationImpl.disposeSelf(ApplicationImpl.java:200)
	at com.intellij.openapi.application.impl.ApplicationImpl.doExit(ApplicationImpl.java:621)
	at com.intellij.openapi.application.impl.ApplicationImpl.exit(ApplicationImpl.java:589)
	at com.intellij.openapi.application.impl.ApplicationImpl.exit(ApplicationImpl.java:578)
	at com.intellij.ide.ui.search.TraverseUIStarter.main(TraverseUIStarter.java:81)
	at com.intellij.openapi.application.ApplicationStarter.main(ApplicationStarter.java:62)
	at com.intellij.idea.ApplicationLoader$startApp$8$1$1.run(ApplicationLoader.kt:228)
	at com.intellij.openapi.application.TransactionGuardImpl.performUserActivity(TransactionGuardImpl.java:94)
	at com.intellij.idea.ApplicationLoader$startApp$8$1.run(ApplicationLoader.kt:227)
	at com.intellij.openapi.application.TransactionGuardImpl$2.run(TransactionGuardImpl.java:201)
	at com.intellij.openapi.application.impl.ApplicationImpl.runIntendedWriteActionOnCurrentThread(ApplicationImpl.java:831)
	at com.intellij.openapi.application.impl.ApplicationImpl.lambda$invokeLater$4(ApplicationImpl.java:310)
	at com.intellij.openapi.application.impl.FlushQueue.doRun(FlushQueue.java:80)
	at com.intellij.openapi.application.impl.FlushQueue.runNextEvent(FlushQueue.java:128)
	at com.intellij.openapi.application.impl.FlushQueue.flushNow(FlushQueue.java:46)
	at com.intellij.openapi.application.impl.FlushQueue$FlushNow.run(FlushQueue.java:184)
	at java.desktop/java.awt.event.InvocationEvent.dispatch(InvocationEvent.java:313)
	at java.desktop/java.awt.EventQueue.dispatchEventImpl(EventQueue.java:776)
	at java.desktop/java.awt.EventQueue$4.run(EventQueue.java:727)
	at java.desktop/java.awt.EventQueue$4.run(EventQueue.java:721)
	at java.base/java.security.AccessController.doPrivileged(Native Method)
	at java.base/java.security.ProtectionDomain$JavaSecurityAccessImpl.doIntersectionPrivilege(ProtectionDomain.java:85)
	at java.desktop/java.awt.EventQueue.dispatchEvent(EventQueue.java:746)
	at com.intellij.ide.IdeEventQueue.defaultDispatchEvent(IdeEventQueue.java:974)
	at com.intellij.ide.IdeEventQueue._dispatchEvent(IdeEventQueue.java:847)
	at com.intellij.ide.IdeEventQueue.lambda$null$8(IdeEventQueue.java:449)
	at com.intellij.openapi.progress.impl.CoreProgressManager.computePrioritized(CoreProgressManager.java:739)
	at com.intellij.ide.IdeEventQueue.lambda$dispatchEvent$9(IdeEventQueue.java:448)
	at com.intellij.openapi.application.impl.ApplicationImpl.runIntendedWriteActionOnCurrentThread(ApplicationImpl.java:831)
	at com.intellij.ide.IdeEventQueue.dispatchEvent(IdeEventQueue.java:496)
	at java.desktop/java.awt.EventDispatchThread.pumpOneEventForFilters(EventDispatchThread.java:203)
	at java.desktop/java.awt.EventDispatchThread.pumpEventsForFilter(EventDispatchThread.java:124)
	at java.desktop/java.awt.EventDispatchThread.pumpEventsForHierarchy(EventDispatchThread.java:113)
	at java.desktop/java.awt.EventDispatchThread.pumpEvents(EventDispatchThread.java:109)
	at java.desktop/java.awt.EventDispatchThread.pumpEvents(EventDispatchThread.java:101)
	at java.desktop/java.awt.EventDispatchThread.run(EventDispatchThread.java:90)
2020-05-05 15:36:06,392 [  19862]  ERROR - tellij.openapi.util.ObjectTree - IntelliJ IDEA 2020.1  Build #IC-201.6668.121 
2020-05-05 15:36:06,392 [  19862]  ERROR - tellij.openapi.util.ObjectTree - JDK: 11.0.6; VM: OpenJDK 64-Bit Server VM; Vendor: JetBrains s.r.o 
2020-05-05 15:36:06,392 [  19862]  ERROR - tellij.openapi.util.ObjectTree - OS: Mac OS X 
2020-05-05 15:36:06,394 [  19864]   INFO - Types.impl.FileTypeManagerImpl - 0 auto-detected files. Detection took 0 ms 
2020-05-05 15:36:06,436 [  19906]   INFO - il.indexing.FileBasedIndexImpl - START INDEX SHUTDOWN 
2020-05-05 15:36:06,474 [  19944]   INFO - tellij.psi.stubs.StubIndexImpl - StubIndexExtension-s were unloaded 
2020-05-05 15:36:06,475 [  19945]   INFO - il.indexing.FileBasedIndexImpl - END INDEX SHUTDOWN 
2020-05-05 15:36:06,476 [  19946]   INFO - newvfs.persistent.PersistentFS - VFS dispose started 
2020-05-05 15:36:06,477 [  19947]   INFO - newvfs.persistent.PersistentFS - VFS dispose completed 
2020-05-05 15:36:07,018 [  20488]   INFO - stubs.SerializationManagerImpl - START StubSerializationManager SHUTDOWN 
2020-05-05 15:36:07,019 [  20489]   INFO - stubs.SerializationManagerImpl - END StubSerializationManager SHUTDOWN 
2020-05-05 15:36:07,022 [  20492]   INFO - plication.impl.ApplicationImpl - Write action Statistics:
Event number:     0
Total time spent: 0ms
Average duration: 0ms
Median  duration: 0ms
Max     duration: 0ms (it was 'null') 
2020-05-05 15:36:07,022 [  20492]   INFO - plication.impl.ApplicationImpl - AnAction.update() Statistics:
Event number:     0
Total time spent: 0ms
Average duration: 0ms
Median  duration: 0ms
Max     duration: 0ms (it was 'null') 
2020-05-05 15:36:07,022 [  20492]   INFO - plication.impl.ApplicationImpl - Global instance threads created counter = 7; ProcessIOExecutorService threads: 0 
2020-05-05 15:36:07,024 [  20494]   INFO -        #com.intellij.idea.Main - ------------------------------------------------------ IDE SHUTDOWN ------------------------------------------------------ 
2020-05-05 15:36:07,026 [  20496]   INFO - org.jetbrains.io.BuiltInServer - web server stopped 
